Using pre-set license
Built from '2022.3/release' branch; Version is '2022.3.20f1 (61c2feb0970d) revision 6406910'; Using compiler version '192829333'; Build Type 'Release'
OS: 'Windows 11  (10.0.22631) 64bit Core' Language: 'it' Physical Memory: 7968 MB
BatchMode: 1, IsHumanControllingUs: 0, StartBugReporterOnCrash: 0, Is64bit: 1, IsPro: 1

COMMAND LINE ARGUMENTS:
C:\Program Files\Unity\Hub\Editor\2022.3.20f1\Editor\Unity.exe
-adb2
-batchMode
-noUpm
-name
AssetImportWorker0
-projectPath
C:/UNITY_PROJECTS/GD1_GiocoDiGruppo/PowerGirlFeatHombreYaoi
-logFile
Logs/AssetImportWorker0.log
-srvPort
63075
Successfully changed project path to: C:/UNITY_PROJECTS/GD1_GiocoDiGruppo/PowerGirlFeatHombreYaoi
C:/UNITY_PROJECTS/GD1_GiocoDiGruppo/PowerGirlFeatHombreYaoi
[UnityMemory] Configuration Parameters - Can be set up in boot.config
    "memorysetup-bucket-allocator-granularity=16"
    "memorysetup-bucket-allocator-bucket-count=8"
    "memorysetup-bucket-allocator-block-size=33554432"
    "memorysetup-bucket-allocator-block-count=8"
    "memorysetup-main-allocator-block-size=16777216"
    "memorysetup-thread-allocator-block-size=16777216"
    "memorysetup-gfx-main-allocator-block-size=16777216"
    "memorysetup-gfx-thread-allocator-block-size=16777216"
    "memorysetup-cache-allocator-block-size=4194304"
    "memorysetup-typetree-allocator-block-size=2097152"
    "memorysetup-profiler-bucket-allocator-granularity=16"
    "memorysetup-profiler-bucket-allocator-bucket-count=8"
    "memorysetup-profiler-bucket-allocator-block-size=33554432"
    "memorysetup-profiler-bucket-allocator-block-count=8"
    "memorysetup-profiler-allocator-block-size=16777216"
    "memorysetup-profiler-editor-allocator-block-size=1048576"
    "memorysetup-temp-allocator-size-main=16777216"
    "memorysetup-job-temp-allocator-block-size=2097152"
    "memorysetup-job-temp-allocator-block-size-background=1048576"
    "memorysetup-job-temp-allocator-reduction-small-platforms=262144"
    "memorysetup-allocator-temp-initial-block-size-main=262144"
    "memorysetup-allocator-temp-initial-block-size-worker=262144"
    "memorysetup-temp-allocator-size-background-worker=32768"
    "memorysetup-temp-allocator-size-job-worker=262144"
    "memorysetup-temp-allocator-size-preload-manager=33554432"
    "memorysetup-temp-allocator-size-nav-mesh-worker=65536"
    "memorysetup-temp-allocator-size-audio-worker=65536"
    "memorysetup-temp-allocator-size-cloud-worker=32768"
    "memorysetup-temp-allocator-size-gi-baking-worker=262144"
    "memorysetup-temp-allocator-size-gfx=262144"
Player connection [22520] Host "[IP] 192.168.178.47 [Port] 0 [Flags] 2 [Guid] 2820138405 [EditorId] 2820138405 [Version] 1048832 [Id] WindowsEditor(7,LAPTOP-C4HSBGVU) [Debug] 1 [PackageName] WindowsEditor [ProjectName] Editor" joined multi-casting on [225.0.0.222:54997]...

Player connection [22520] Host "[IP] 192.168.178.47 [Port] 0 [Flags] 2 [Guid] 2820138405 [EditorId] 2820138405 [Version] 1048832 [Id] WindowsEditor(7,LAPTOP-C4HSBGVU) [Debug] 1 [PackageName] WindowsEditor [ProjectName] Editor" joined alternative multi-casting on [225.0.0.222:34997]...

[Physics::Module] Initialized MultithreadedJobDispatcher with 7 workers.
Refreshing native plugins compatible for Editor in 40.21 ms, found 3 plugins.
Preloading 0 native plugins for Editor in 0.00 ms.
Initialize engine version: 2022.3.20f1 (61c2feb0970d)
[Subsystems] Discovering subsystems at path C:/Program Files/Unity/Hub/Editor/2022.3.20f1/Editor/Data/Resources/UnitySubsystems
[Subsystems] Discovering subsystems at path C:/UNITY_PROJECTS/GD1_GiocoDiGruppo/PowerGirlFeatHombreYaoi/Assets
GfxDevice: creating device client; threaded=0; jobified=0
Direct3D:
    Version:  Direct3D 11.0 [level 11.1]
    Renderer: NVIDIA GeForce GTX 1660 Ti with Max-Q Design (ID=0x2191)
    Vendor:   NVIDIA
    VRAM:     5979 MB
    Driver:   31.0.15.4626
Initialize mono
Mono path[0] = 'C:/Program Files/Unity/Hub/Editor/2022.3.20f1/Editor/Data/Managed'
Mono path[1] = 'C:/Program Files/Unity/Hub/Editor/2022.3.20f1/Editor/Data/MonoBleedingEdge/lib/mono/unityjit-win32'
Mono config path = 'C:/Program Files/Unity/Hub/Editor/2022.3.20f1/Editor/Data/MonoBleedingEdge/etc'
Using monoOptions --debugger-agent=transport=dt_socket,embedding=1,server=y,suspend=n,address=127.0.0.1:56912
Begin MonoManager ReloadAssembly
Registering precompiled unity dll's ...
Register platform support module: C:/Program Files/Unity/Hub/Editor/2022.3.20f1/Editor/Data/PlaybackEngines/WindowsStandaloneSupport/UnityEditor.WindowsStandalone.Extensions.dll
Registered in 0.014695 seconds.
- Loaded All Assemblies, in  0.657 seconds
Native extension for WindowsStandalone target not found
Mono: successfully reloaded assembly
- Finished resetting the current domain, in  0.417 seconds
Domain Reload Profiling: 1071ms
	BeginReloadAssembly (242ms)
		ExecutionOrderSort (0ms)
		DisableScriptedObjects (0ms)
		BackupInstance (0ms)
		ReleaseScriptingObjects (0ms)
		CreateAndSetChildDomain (2ms)
	RebuildCommonClasses (63ms)
	RebuildNativeTypeToScriptingClass (14ms)
	initialDomainReloadingComplete (107ms)
	LoadAllAssembliesAndSetupDomain (229ms)
		LoadAssemblies (235ms)
		RebuildTransferFunctionScriptingTraits (0ms)
		AnalyzeDomain (227ms)
			TypeCache.Refresh (225ms)
				TypeCache.ScanAssembly (202ms)
			ScanForSourceGeneratedMonoScriptInfo (1ms)
			ResolveRequiredComponents (0ms)
	FinalizeReload (418ms)
		ReleaseScriptCaches (0ms)
		RebuildScriptCaches (0ms)
		SetupLoadedEditorAssemblies (330ms)
			LogAssemblyErrors (0ms)
			InitializePlatformSupportModulesInManaged (15ms)
			SetLoadedEditorAssemblies (10ms)
			RefreshPlugins (0ms)
			BeforeProcessingInitializeOnLoad (4ms)
			ProcessInitializeOnLoadAttributes (238ms)
			ProcessInitializeOnLoadMethodAttributes (63ms)
			AfterProcessingInitializeOnLoad (0ms)
			EditorAssembliesLoaded (0ms)
		ExecutionOrderSort2 (0ms)
		AwakeInstancesAfterBackupRestoration (0ms)
========================================================================
Worker process is ready to serve import requests
Begin MonoManager ReloadAssembly
- Loaded All Assemblies, in  1.069 seconds
Refreshing native plugins compatible for Editor in 5.59 ms, found 3 plugins.
Native extension for WindowsStandalone target not found
Package Manager log level set to [2]
[Package Manager] Server::EnsureServerProcessIsRunning -- launch failed, reason: Unity was launched with the -noUpm command-line argument
[Package Manager] UpmClient::Send -- Unable to send message (not connected to UPM process).
[Package Manager] Cannot connect to Unity Package Manager local server
Mono: successfully reloaded assembly
- Finished resetting the current domain, in  1.065 seconds
Domain Reload Profiling: 2121ms
	BeginReloadAssembly (166ms)
		ExecutionOrderSort (0ms)
		DisableScriptedObjects (5ms)
		BackupInstance (0ms)
		ReleaseScriptingObjects (0ms)
		CreateAndSetChildDomain (24ms)
	RebuildCommonClasses (35ms)
	RebuildNativeTypeToScriptingClass (11ms)
	initialDomainReloadingComplete (48ms)
	LoadAllAssembliesAndSetupDomain (796ms)
		LoadAssemblies (611ms)
		RebuildTransferFunctionScriptingTraits (0ms)
		AnalyzeDomain (284ms)
			TypeCache.Refresh (238ms)
				TypeCache.ScanAssembly (216ms)
			ScanForSourceGeneratedMonoScriptInfo (32ms)
			ResolveRequiredComponents (12ms)
	FinalizeReload (1066ms)
		ReleaseScriptCaches (0ms)
		RebuildScriptCaches (0ms)
		SetupLoadedEditorAssemblies (861ms)
			LogAssemblyErrors (0ms)
			InitializePlatformSupportModulesInManaged (10ms)
			SetLoadedEditorAssemblies (8ms)
			RefreshPlugins (0ms)
			BeforeProcessingInitializeOnLoad (185ms)
			ProcessInitializeOnLoadAttributes (565ms)
			ProcessInitializeOnLoadMethodAttributes (79ms)
			AfterProcessingInitializeOnLoad (12ms)
			EditorAssembliesLoaded (0ms)
		ExecutionOrderSort2 (0ms)
		AwakeInstancesAfterBackupRestoration (10ms)
Failed to load shader (instanceID 12274, GUID c8b6a681c7b4e2e4785ffab093907f9e)
Failed to load shader (instanceID 12276, GUID 911130a939bf84843bcc4211c327f579)
Failed to load shader (instanceID 12278, GUID c84d57d423a2042eb92da86f9fa670a3)
Failed to load shader (instanceID 12280, GUID 0f4122b9a743b744abe2fb6a0a88868b)
Failed to load shader (instanceID 12282, GUID 0a7e590f3cf1d4ee8a8fab5b6eff09ef)
Failed to load shader (instanceID 12284, GUID 21322c8b137c66e49b86085d3c8161f6)
Failed to load shader (instanceID 12286, GUID 4293210a3280c4283b9872316017f1f9)
Failed to load shader (instanceID 12288, GUID d6dae50ee9e1bfa4db75f19f99355220)
Failed to load shader (instanceID 12290, GUID ec9fec698a3456d4fb18cf8bacb7a2bc)
Failed to load shader (instanceID 12292, GUID 573620ae32aec764abd4d728906d2587)
Failed to load shader (instanceID 12294, GUID 1ccecd9b89b8a4f14bfb64f29ddfcc81)
Failed to load shader (instanceID 12296, GUID 8ca8b34aa013842f3b399b6961e7dc3b)
Failed to load shader (instanceID 12298, GUID 74b1585886a85614aa34e2c8e303c77a)
Failed to load shader (instanceID 12300, GUID e8ee25143a34b8c4388709ea947055d1)
Failed to load shader (instanceID 12302, GUID 04c410c9937594faa893a11dceb85f7e)
Failed to load shader (instanceID 12304, GUID a16365e8c873daa4c94919438490b905)
Failed to load shader (instanceID 12306, GUID 4431b1f1f743fbf4eb310a967890cbea)
Failed to load shader (instanceID 12308, GUID 0d0f817524897904ba47a6a1d55e7668)
Failed to load shader (instanceID 12310, GUID 77cfa04f893eb8745b6a454a3d51b43c)
Failed to load shader (instanceID 12312, GUID e6e9a19c3678ded42a3bc431ebef7dbd)
Failed to load shader (instanceID 12314, GUID d6e5744ac426949ff8c0f02936689d4c)
Failed to load shader (instanceID 12316, GUID d104b2fc1ca6445babb8e90b0758136b)
Failed to load shader (instanceID 12318, GUID 24f9f312f97bd48dba1a728d58c89842)
Failed to load shader (instanceID 12320, GUID e7857e9d0c934dc4f83f270f8447b006)
Failed to load shader (instanceID 12322, GUID ee7e4c9a5f6364b688a332c67fc32cca)
Failed to load shader (instanceID 12324, GUID de02b375720b5c445afe83cd483bedf3)
Failed to load shader (instanceID 12326, GUID 33cb4e8ff0c1d43ac8ec40692656c7ed)
Failed to load shader (instanceID 12328, GUID e8b802ac01d87144b91f12f40c1f2659)
Failed to load shader (instanceID 12330, GUID 36e335017ad71d54fbb10842863188ae)
Failed to load shader (instanceID 12332, GUID 50b406436c6214c49aaaa6011b71dde8)
Failed to load shader (instanceID 12334, GUID ce09d4a80b88c5a4eb9768fab4f1ee00)
Failed to load shader (instanceID 12336, GUID 13c02b14c4d048fa9653293d54f6e0e1)
Failed to load shader (instanceID 12338, GUID 4386e57b23a56004c93e1d57d2bbcb4f)
Failed to load shader (instanceID 12340, GUID c7d04ca57e5449d49ad9cee1c604bc26)
Failed to load shader (instanceID 12342, GUID 0ca6dca7396eb48e5849247ffd444914)
Failed to load shader (instanceID 12344, GUID cf852408f2e174538bcd9b7fda1c5ae7)
Failed to load shader (instanceID 12346, GUID f056d8bd2a1c7e44e9729144b4c70395)
Failed to load shader (instanceID 12348, GUID 0406db5a14f94604a8c57ccfbc9f3b46)
Failed to load shader (instanceID 12350, GUID 0849e84e3d62649e8882e9d6f056a017)
Failed to load shader (instanceID 12352, GUID 5ec81c81908db34429b4f6ddecadd3bd)
Failed to load shader (instanceID 12354, GUID 6f37d9e45fbae41b386f76d3bfefec4a)
Failed to load shader (instanceID 12356, GUID c17132b1f77d20942aa75f8429c0f8bc)
Failed to load shader (instanceID 12358, GUID c56b7e0d4c7cb484e959caeeedae9bbf)
Failed to load shader (instanceID 12360, GUID 7b3ede40266cd49a395def176e1bc486)
Failed to load shader (instanceID 12362, GUID a15b78cf8ca26ca4fb2090293153c62c)
Failed to load shader (instanceID 12364, GUID c26db15b9a2ed4b2ebefefd26ce85ae1)
Failed to load shader (instanceID 12366, GUID e507fdfead5ca47e8b9a768b51c291a1)
Failed to load shader (instanceID 12368, GUID 933532a4fcc9baf4fa0491de14d08ed7)
Failed to load shader (instanceID 12370, GUID 5f1864addb451f54bae8c86d230f736e)
Failed to load shader (instanceID 12372, GUID 8516d7a69675844a7a0b7095af7c46af)
Failed to load shader (instanceID 12374, GUID 5e7134d6e63e0bc47a1dd2669cedb379)
Failed to load shader (instanceID 12376, GUID d5a307c014552314b9f560906d708772)
Failed to load shader (instanceID 12378, GUID 8fbe92a9edfe6074e841d6dd1509bc59)
Failed to load shader (instanceID 12380, GUID 4b9f3440d48c2f04c9c388365e070864)
Failed to load shader (instanceID 12382, GUID 65df88701913c224d95fc554db28381a)
Failed to load shader (instanceID 12384, GUID 650dd9526735d5b46b79224bc6e94025)
Failed to load shader (instanceID 12386, GUID 2aed67ad60045d54ba3a00c91e2d2631)
Failed to load shader (instanceID 12388, GUID 1121bb4e615ca3c48b214e79e841e823)
Failed to load shader (instanceID 12390, GUID 5caf62d8bd7c44596ace77ef9eb8ea31)
Failed to load shader (instanceID 12392, GUID e9155b26e1bc55942a41e518703fe304)
Failed to load shader (instanceID 12394, GUID 4300ae919783d4fa38001d745fbdecc1)
Failed to load shader (instanceID 12396, GUID f6783ab646d374f94b199774402a5144)
Failed to load shader (instanceID 12398, GUID 19dfbb09098c9584a83c956fbd6c5d79)
Failed to load shader (instanceID 12400, GUID 35e778fba8b2b49a198d8d7cfced67eb)
Failed to load shader (instanceID 12402, GUID cfa7edf01005f4e338d973cea2f6eab3)
Failed to load shader (instanceID 12404, GUID 8d2bb70cbf9db8d4da26e15b26e74248)
Failed to load shader (instanceID 12406, GUID a07688e921e974338945464731e069ce)
Failed to load shader (instanceID 12408, GUID 86212504c7e9f468db2300dc5932dc17)
Failed to load shader (instanceID 12410, GUID 69c1f799e772cb6438f56c23efccb782)
Failed to load shader (instanceID 12412, GUID 1fd883d610b2f42a98fc7abaf6809430)
Failed to load shader (instanceID 12414, GUID 93446b5c5339d4f00b85c159e1159b7c)
Failed to load shader (instanceID 12416, GUID 5fd9a8feb75a4b5894c241777f519d4e)
Failed to load shader (instanceID 12418, GUID da07703fcc09f8d4799221050659bd55)
Failed to load shader (instanceID 12420, GUID 2df96b66b5510f94b98df2ac6f926ef4)
Failed to load shader (instanceID 12422, GUID 209f4c3496c1b46a3a2f9f0f27be788f)
Failed to load shader (instanceID 12424, GUID 61e53729ad706d049b12a441f328fe34)
Failed to load shader (instanceID 12426, GUID e35a31e1679aeff489e202f5cc4853d5)
Failed to load shader (instanceID 12428, GUID 29868e73b638e48ca99a19ea58c48d90)
Failed to load shader (instanceID 12430, GUID 04b5dda5f278e4f56a9dbda64d90bb95)
Failed to load shader (instanceID 12432, GUID 6cda457ac28612740adb23da5d39ea92)
Failed to load shader (instanceID 12434, GUID e39bd598ce13f44ba8af997d3e42cd18)
Failed to load shader (instanceID 12436, GUID 131f1b93a4ebd459ba87b6bad055fb33)
Failed to load shader (instanceID 12438, GUID b7839dad95683814aa64166edc107ae2)
Failed to load shader (instanceID 12440, GUID d79e1c784eaf80c4585c0be7391f757a)
Failed to load shader (instanceID 12442, GUID 44fc62292b65ab04eabcf310e799ccf6)
Failed to load shader (instanceID 12444, GUID e8c3a1662a88140ae84d69a3a4cfdbaa)
Failed to load shader (instanceID 12446, GUID 562b7ae4f629f144aa97780546fce7c6)
Failed to load shader (instanceID 12448, GUID e260cfa7296ee7642b167f1eb5be5023)
Failed to load shader (instanceID 12450, GUID 1edcd131364091c46a17cbff0b1de97a)
Failed to load shader (instanceID 12452, GUID 95e15a77195eb574ab82aaac18b1c796)
Failed to load shader (instanceID 12454, GUID 77774d9009bb81447b048c907d4c6273)
Failed to load shader (instanceID 12456, GUID 99134b1f0c27d54469a840832a28fadf)
Failed to load shader (instanceID 12458, GUID 7f888aff2ac86494babad1c2c5daeee2)
Failed to load shader (instanceID 12460, GUID 63eaba0ebfb82cc43bde059b4a8c65f6)
Failed to load shader (instanceID 12462, GUID 60e10855641b4d84da68ec72e6f6eeb8)
Failed to load shader (instanceID 12464, GUID 0f854b35a0cf61a429bd5dcfea30eddd)
Failed to load shader (instanceID 12466, GUID c49e63ed1bbcb334780a3bd19dfed403)
Failed to load shader (instanceID 12468, GUID a89bee29cffa951418fc1e2da94d1959)
Failed to load shader (instanceID 12470, GUID 7e60080c8cd24a2468cb08b4bfee5606)
Failed to load shader (instanceID 12472, GUID 25b8a80cb03994c769145599929a5e97)
Launched and connected shader compiler UnityShaderCompiler.exe after 0.07 seconds
Refreshing native plugins compatible for Editor in 6.33 ms, found 3 plugins.
Preloading 0 native plugins for Editor in 0.00 ms.
Unloading 3157 Unused Serialized files (Serialized files now loaded: 0)
Unloading 39 unused Assets / (120.9 KB). Loaded Objects now: 3620.
Memory consumption went from 139.9 MB to 139.7 MB.
Total: 3.763000 ms (FindLiveObjects: 0.352300 ms CreateObjectMapping: 0.299500 ms MarkObjects: 2.908100 ms  DeleteObjects: 0.202300 ms)

AssetImportParameters requested are different than current active one (requested -> active):
  custom:container-demuxer-ogg: 62fdf1f143b41e24485cea50d1cbac27 -> 
  custom:video-codec-MediaFoundation-h265: 746d11721c4dcdbdad8f713fa42b33f4 -> 
  custom:video-decoder-ogg-theora: a1e56fd34408186e4bbccfd4996cb3dc -> 
  custom:framework-win-MediaFoundation: 216162199b28c13a410421893ffa2e32 -> 
  custom:CustomObjectIndexerAttribute: 62b5816608c3102f162a1797e29626cf -> 
  custom:container-demuxer-webm: 4f35f7cbe854078d1ac9338744f61a02 -> 
  custom:container-muxer-webm: aa71ff27fc2769a1b78a27578f13a17b -> 
  custom:video-decoder-webm-vp8: 9c59270c3fd7afecdb556c50c9e8de78 -> 
  custom:SearchIndexIgnoredProperties: e643bd26f0fe6173181afceb89e7c659 -> 
  custom:AudioImporter_EditorPlatform: d09bf68614088b80899f8185d706f6e7 -> 
  custom:video-encoder-webm-vp8: eb34c28f22e8b96e1ab97ce403110664 -> 
  custom:audio-decoder-ogg-vorbis: bf7c407c2cedff20999df2af8eb42d56 -> 
  custom:audio-encoder-webm-vorbis: bf7c407c2cedff20999df2af8eb42d56 -> 
========================================================================
Received Import Request.
  Time since last request: 60477.416838 seconds.
  path: Assets/AssTesting/UI/Cassaforte
  artifactKey: Guid(b314f9d0503a3df4a857510ef7082b61) Importer(815301076,1909f56bfc062723c751e8b465ee728b)
Start importing Assets/AssTesting/UI/Cassaforte using Guid(b314f9d0503a3df4a857510ef7082b61) Importer(815301076,1909f56bfc062723c751e8b465ee728b)  -> (artifact id: 'd3c72bbd0dbf8165c4e047dc1e3e4936') in 0.003083 seconds
Number of updated asset objects reloaded before import = 0
Number of asset objects unloaded after import = 0
========================================================================
Received Import Request.
  Time since last request: 20.417325 seconds.
  path: Assets/AssTesting/UI/Cassaforte/Annulla.png
  artifactKey: Guid(0e19319152e2ea844bf0c6b2ce7feee6) Importer(815301076,1909f56bfc062723c751e8b465ee728b)
Start importing Assets/AssTesting/UI/Cassaforte/Annulla.png using Guid(0e19319152e2ea844bf0c6b2ce7feee6) Importer(815301076,1909f56bfc062723c751e8b465ee728b)  -> (artifact id: '5c59d6215f46d9bd14d67fd09d17cb4f') in 0.107571 seconds
Number of updated asset objects reloaded before import = 0
Number of asset objects unloaded after import = 2
========================================================================
Received Import Request.
  Time since last request: 0.000030 seconds.
  path: Assets/AssTesting/UI/Cassaforte/tasto7.png
  artifactKey: Guid(43e9d5d1ffc9c864abf60fafaf7dd7a3) Importer(815301076,1909f56bfc062723c751e8b465ee728b)
Start importing Assets/AssTesting/UI/Cassaforte/tasto7.png using Guid(43e9d5d1ffc9c864abf60fafaf7dd7a3) Importer(815301076,1909f56bfc062723c751e8b465ee728b)  -> (artifact id: 'ec51a767d6ee7e63ad47153739e5d1b3') in 0.031244 seconds
Number of updated asset objects reloaded before import = 0
Number of asset objects unloaded after import = 2
========================================================================
Received Import Request.
  Time since last request: 0.000027 seconds.
  path: Assets/AssTesting/UI/Cassaforte/tasto6.png
  artifactKey: Guid(bf3fb11b8321f3740bd143244e1232a1) Importer(815301076,1909f56bfc062723c751e8b465ee728b)
Start importing Assets/AssTesting/UI/Cassaforte/tasto6.png using Guid(bf3fb11b8321f3740bd143244e1232a1) Importer(815301076,1909f56bfc062723c751e8b465ee728b)  -> (artifact id: '508bdc5c1b99c20e3e785c84625302b9') in 0.026724 seconds
Number of updated asset objects reloaded before import = 0
Number of asset objects unloaded after import = 2
========================================================================
Received Import Request.
  Time since last request: 0.000057 seconds.
  path: Assets/AssTesting/UI/Cassaforte/tasto5.png
  artifactKey: Guid(7cd77b618a151364ca29d12abe19ed20) Importer(815301076,1909f56bfc062723c751e8b465ee728b)
Start importing Assets/AssTesting/UI/Cassaforte/tasto5.png using Guid(7cd77b618a151364ca29d12abe19ed20) Importer(815301076,1909f56bfc062723c751e8b465ee728b)  -> (artifact id: 'cf2b5d06237cc4253817708b8e5f748c') in 0.024062 seconds
Number of updated asset objects reloaded before import = 0
Number of asset objects unloaded after import = 2
========================================================================
Received Import Request.
  Time since last request: 0.000034 seconds.
  path: Assets/AssTesting/UI/Cassaforte/tasto1.png
  artifactKey: Guid(b7c98bdbcac7d0f4cb27c28404a291aa) Importer(815301076,1909f56bfc062723c751e8b465ee728b)
Start importing Assets/AssTesting/UI/Cassaforte/tasto1.png using Guid(b7c98bdbcac7d0f4cb27c28404a291aa) Importer(815301076,1909f56bfc062723c751e8b465ee728b)  -> (artifact id: '89b296f4be1212543282c63cc987cba5') in 0.018274 seconds
Number of updated asset objects reloaded before import = 0
Number of asset objects unloaded after import = 2
========================================================================
Received Import Request.
  Time since last request: 0.000025 seconds.
  path: Assets/AssTesting/UI/Cassaforte/tasto9.png
  artifactKey: Guid(c97ce17b824c50f47ab3d57e81b73d22) Importer(815301076,1909f56bfc062723c751e8b465ee728b)
Start importing Assets/AssTesting/UI/Cassaforte/tasto9.png using Guid(c97ce17b824c50f47ab3d57e81b73d22) Importer(815301076,1909f56bfc062723c751e8b465ee728b)  -> (artifact id: 'aed46c63c9af2f8d0caa7741e04b5d89') in 0.026339 seconds
Number of updated asset objects reloaded before import = 0
Number of asset objects unloaded after import = 2
========================================================================
Received Import Request.
  Time since last request: 159.557306 seconds.
  path: Assets/AssTesting/Assets/nappin/House Props Softpack/Textures/(Txt)GradientBeige.png
  artifactKey: Guid(ce207ba7fd9e7f047867bbf272711c24) Importer(815301076,1909f56bfc062723c751e8b465ee728b)
Start importing Assets/AssTesting/Assets/nappin/House Props Softpack/Textures/(Txt)GradientBeige.png using Guid(ce207ba7fd9e7f047867bbf272711c24) Importer(815301076,1909f56bfc062723c751e8b465ee728b)  -> (artifact id: '84df0e85251626dcb57e25ccdefe3fb6') in 0.025953 seconds
Number of updated asset objects reloaded before import = 0
Number of asset objects unloaded after import = 2
========================================================================
Received Import Request.
  Time since last request: 0.000018 seconds.
  path: Assets/AssTesting/Assets/nappin/House Props Softpack/Textures/(Txt)GradientDarkred.png
  artifactKey: Guid(2cd3259f9019fbf4baa0566e469b5cc2) Importer(815301076,1909f56bfc062723c751e8b465ee728b)
Start importing Assets/AssTesting/Assets/nappin/House Props Softpack/Textures/(Txt)GradientDarkred.png using Guid(2cd3259f9019fbf4baa0566e469b5cc2) Importer(815301076,1909f56bfc062723c751e8b465ee728b)  -> (artifact id: '4a6d2236585366c64f1001aae168e2ca') in 0.022249 seconds
Number of updated asset objects reloaded before import = 0
Number of asset objects unloaded after import = 2
========================================================================
Received Import Request.
  Time since last request: 0.000419 seconds.
  path: Assets/AssTesting/Assets/nappin/House Props Softpack/Textures/(Txt)GradientBlue.png
  artifactKey: Guid(bbea79d6aa038d54bab0fbdb23379cc8) Importer(815301076,1909f56bfc062723c751e8b465ee728b)
Start importing Assets/AssTesting/Assets/nappin/House Props Softpack/Textures/(Txt)GradientBlue.png using Guid(bbea79d6aa038d54bab0fbdb23379cc8) Importer(815301076,1909f56bfc062723c751e8b465ee728b)  -> (artifact id: 'fb9ed4622f65d903cf05a2ca4655f622') in 0.021189 seconds
Number of updated asset objects reloaded before import = 0
Number of asset objects unloaded after import = 2
========================================================================
Received Import Request.
  Time since last request: 0.000036 seconds.
  path: Assets/AssTesting/Assets/nappin/House Props Softpack/Textures/(Txt)GradientDarkbrown.png
  artifactKey: Guid(a350ac53491e75b4e843bb6e1705a1d4) Importer(815301076,1909f56bfc062723c751e8b465ee728b)
Start importing Assets/AssTesting/Assets/nappin/House Props Softpack/Textures/(Txt)GradientDarkbrown.png using Guid(a350ac53491e75b4e843bb6e1705a1d4) Importer(815301076,1909f56bfc062723c751e8b465ee728b)  -> (artifact id: '50ab92f5810052ad140d7dba9eb2f383') in 0.021027 seconds
Number of updated asset objects reloaded before import = 0
Number of asset objects unloaded after import = 2
========================================================================
Received Import Request.
  Time since last request: 0.651777 seconds.
  path: Assets/AssTesting/Assets/nappin/House Props Softpack/Textures/(Txt)GradientGreen.png
  artifactKey: Guid(b3d2d9ac8c50c0743af991b469817ddc) Importer(815301076,1909f56bfc062723c751e8b465ee728b)
Start importing Assets/AssTesting/Assets/nappin/House Props Softpack/Textures/(Txt)GradientGreen.png using Guid(b3d2d9ac8c50c0743af991b469817ddc) Importer(815301076,1909f56bfc062723c751e8b465ee728b)  -> (artifact id: '92cdc129794bb13854341663d1527288') in 0.018524 seconds
Number of updated asset objects reloaded before import = 0
Number of asset objects unloaded after import = 2
========================================================================
Received Import Request.
  Time since last request: 0.265384 seconds.
  path: Assets/AssTesting/Assets/nappin/House Props Softpack/Textures/(Txt)GradientOrange.png
  artifactKey: Guid(1be709cd9dfa27c48a678cdacc829f7e) Importer(815301076,1909f56bfc062723c751e8b465ee728b)
Start importing Assets/AssTesting/Assets/nappin/House Props Softpack/Textures/(Txt)GradientOrange.png using Guid(1be709cd9dfa27c48a678cdacc829f7e) Importer(815301076,1909f56bfc062723c751e8b465ee728b)  -> (artifact id: 'bcd605a36cd2841fecec47963a5cf724') in 0.026969 seconds
Number of updated asset objects reloaded before import = 0
Number of asset objects unloaded after import = 2
========================================================================
Received Import Request.
  Time since last request: 0.063949 seconds.
  path: Assets/AssTesting/Assets/ModularHousePack1/Art/Textures/AO_Asphalt_001.png
  artifactKey: Guid(1ad75d4d0959f6e44b35b38a5c2854aa) Importer(815301076,1909f56bfc062723c751e8b465ee728b)
Start importing Assets/AssTesting/Assets/ModularHousePack1/Art/Textures/AO_Asphalt_001.png using Guid(1ad75d4d0959f6e44b35b38a5c2854aa) Importer(815301076,1909f56bfc062723c751e8b465ee728b)  -> (artifact id: 'e2daab007dda2c36c54c20b2fabb99d8') in 0.029742 seconds
Number of updated asset objects reloaded before import = 0
Number of asset objects unloaded after import = 2
========================================================================
Received Import Request.
  Time since last request: 0.000021 seconds.
  path: Assets/AssTesting/Assets/ModularHousePack1/Art/Textures/AO_Ext_Tile_001.png
  artifactKey: Guid(f4f9d87df0eb98148bed353a9720664f) Importer(815301076,1909f56bfc062723c751e8b465ee728b)
Start importing Assets/AssTesting/Assets/ModularHousePack1/Art/Textures/AO_Ext_Tile_001.png using Guid(f4f9d87df0eb98148bed353a9720664f) Importer(815301076,1909f56bfc062723c751e8b465ee728b)  -> (artifact id: 'd9161d80fca97045bd86dab860e870ce') in 0.020447 seconds
Number of updated asset objects reloaded before import = 0
Number of asset objects unloaded after import = 2
========================================================================
Received Import Request.
  Time since last request: 0.123249 seconds.
  path: Assets/AssTesting/Assets/ModularHousePack1/Art/Textures/AO_Grass_001.png
  artifactKey: Guid(0ddf5b667a786314c9e6d25f1214c517) Importer(815301076,1909f56bfc062723c751e8b465ee728b)
Start importing Assets/AssTesting/Assets/ModularHousePack1/Art/Textures/AO_Grass_001.png using Guid(0ddf5b667a786314c9e6d25f1214c517) Importer(815301076,1909f56bfc062723c751e8b465ee728b)  -> (artifact id: '0cf690bdbf3caad89b58c936ebe4c0dc') in 0.024135 seconds
Number of updated asset objects reloaded before import = 0
Number of asset objects unloaded after import = 2
========================================================================
Received Import Request.
  Time since last request: 0.002312 seconds.
  path: Assets/AssTesting/Assets/ModularHousePack1/Art/Textures/AO_Plaster_001.png
  artifactKey: Guid(ce31e0282ca1a46429c8586944fda1d6) Importer(815301076,1909f56bfc062723c751e8b465ee728b)
Start importing Assets/AssTesting/Assets/ModularHousePack1/Art/Textures/AO_Plaster_001.png using Guid(ce31e0282ca1a46429c8586944fda1d6) Importer(815301076,1909f56bfc062723c751e8b465ee728b)  -> (artifact id: '6a0073918fa66208c68618378ece8bb6') in 0.022805 seconds
Number of updated asset objects reloaded before import = 0
Number of asset objects unloaded after import = 2
========================================================================
Received Import Request.
  Time since last request: 0.038938 seconds.
  path: Assets/AssTesting/Assets/ModularHousePack1/Art/Textures/AO_T_Marble_001.png
  artifactKey: Guid(789cd9df94df8e44885705da8bb9c791) Importer(815301076,1909f56bfc062723c751e8b465ee728b)
Start importing Assets/AssTesting/Assets/ModularHousePack1/Art/Textures/AO_T_Marble_001.png using Guid(789cd9df94df8e44885705da8bb9c791) Importer(815301076,1909f56bfc062723c751e8b465ee728b)  -> (artifact id: 'b0114d993e1b24e128e2bd4fd98021e6') in 0.022879 seconds
Number of updated asset objects reloaded before import = 0
Number of asset objects unloaded after import = 2
========================================================================
Received Import Request.
  Time since last request: 0.000018 seconds.
  path: Assets/AssTesting/Assets/ModularHousePack1/Art/Textures/AO_Wood_001.png
  artifactKey: Guid(25cc5a3258f5c46409ff680a53c7bb03) Importer(815301076,1909f56bfc062723c751e8b465ee728b)
Start importing Assets/AssTesting/Assets/ModularHousePack1/Art/Textures/AO_Wood_001.png using Guid(25cc5a3258f5c46409ff680a53c7bb03) Importer(815301076,1909f56bfc062723c751e8b465ee728b)  -> (artifact id: 'd51e74b2cc40dbff97bf0a4dca4767b2') in 0.022230 seconds
Number of updated asset objects reloaded before import = 0
Number of asset objects unloaded after import = 2
========================================================================
Received Import Request.
  Time since last request: 0.131605 seconds.
  path: Assets/AssTesting/Assets/ModularHousePack1/Art/Textures/AO_Wood_007.png
  artifactKey: Guid(3c0b549f3ec4df543a849a416b1935d7) Importer(815301076,1909f56bfc062723c751e8b465ee728b)
Start importing Assets/AssTesting/Assets/ModularHousePack1/Art/Textures/AO_Wood_007.png using Guid(3c0b549f3ec4df543a849a416b1935d7) Importer(815301076,1909f56bfc062723c751e8b465ee728b)  -> (artifact id: '58299b028b403f755b038581cfb643c8') in 0.025080 seconds
Number of updated asset objects reloaded before import = 0
Number of asset objects unloaded after import = 2
========================================================================
Received Import Request.
  Time since last request: 0.000028 seconds.
  path: Assets/AssTesting/Assets/ModularHousePack1/Art/Textures/BC_Clay_001.png
  artifactKey: Guid(e4f9a6f9924fe604a8f0132fb22f57bc) Importer(815301076,1909f56bfc062723c751e8b465ee728b)
Start importing Assets/AssTesting/Assets/ModularHousePack1/Art/Textures/BC_Clay_001.png using Guid(e4f9a6f9924fe604a8f0132fb22f57bc) Importer(815301076,1909f56bfc062723c751e8b465ee728b)  -> (artifact id: '3c01d0c420d680587c20dd9c740c3a8c') in 0.022032 seconds
Number of updated asset objects reloaded before import = 0
Number of asset objects unloaded after import = 2
========================================================================
Received Import Request.
  Time since last request: 0.038037 seconds.
  path: Assets/AssTesting/Assets/ModularHousePack1/Art/Textures/BC_Concrete_001.png
  artifactKey: Guid(a9443f74a630de648bd0896a5854f110) Importer(815301076,1909f56bfc062723c751e8b465ee728b)
Start importing Assets/AssTesting/Assets/ModularHousePack1/Art/Textures/BC_Concrete_001.png using Guid(a9443f74a630de648bd0896a5854f110) Importer(815301076,1909f56bfc062723c751e8b465ee728b)  -> (artifact id: '4864bff8fba456d5314807b64e732094') in 0.023431 seconds
Number of updated asset objects reloaded before import = 0
Number of asset objects unloaded after import = 2
========================================================================
Received Import Request.
  Time since last request: 0.446040 seconds.
  path: Assets/AssTesting/Assets/ModularHousePack1/Art/Textures/BC_Ext_Tile_001.png
  artifactKey: Guid(3d3f9cec8ad5ed44587ddd29e220806c) Importer(815301076,1909f56bfc062723c751e8b465ee728b)
Start importing Assets/AssTesting/Assets/ModularHousePack1/Art/Textures/BC_Ext_Tile_001.png using Guid(3d3f9cec8ad5ed44587ddd29e220806c) Importer(815301076,1909f56bfc062723c751e8b465ee728b)  -> (artifact id: '93f131d8fc856cb2118edfd42243f59e') in 0.029529 seconds
Number of updated asset objects reloaded before import = 0
Number of asset objects unloaded after import = 2
========================================================================
Received Import Request.
  Time since last request: 0.000024 seconds.
  path: Assets/AssTesting/Assets/ModularHousePack1/Art/Textures/BC_Iron_002.png
  artifactKey: Guid(a23216905766401488bb45b4248a5a01) Importer(815301076,1909f56bfc062723c751e8b465ee728b)
Start importing Assets/AssTesting/Assets/ModularHousePack1/Art/Textures/BC_Iron_002.png using Guid(a23216905766401488bb45b4248a5a01) Importer(815301076,1909f56bfc062723c751e8b465ee728b)  -> (artifact id: '0c548242e4aa708fdc24cb235ad6e7a5') in 0.023853 seconds
Number of updated asset objects reloaded before import = 0
Number of asset objects unloaded after import = 2
========================================================================
Received Import Request.
  Time since last request: 0.000018 seconds.
  path: Assets/AssTesting/Assets/ModularHousePack1/Art/Textures/BC_Marble_002.png
  artifactKey: Guid(77372ccf8da3b75479190d0df58b5f10) Importer(815301076,1909f56bfc062723c751e8b465ee728b)
Start importing Assets/AssTesting/Assets/ModularHousePack1/Art/Textures/BC_Marble_002.png using Guid(77372ccf8da3b75479190d0df58b5f10) Importer(815301076,1909f56bfc062723c751e8b465ee728b)  -> (artifact id: '8148aa5309ed9009278f09f2d417d7ab') in 0.023711 seconds
Number of updated asset objects reloaded before import = 0
Number of asset objects unloaded after import = 2
========================================================================
Received Import Request.
  Time since last request: 0.020011 seconds.
  path: Assets/AssTesting/Assets/ModularHousePack1/Art/Textures/BC_T_Marble_001.png
  artifactKey: Guid(4180228025bee374db759278860a1fd0) Importer(815301076,1909f56bfc062723c751e8b465ee728b)
Start importing Assets/AssTesting/Assets/ModularHousePack1/Art/Textures/BC_T_Marble_001.png using Guid(4180228025bee374db759278860a1fd0) Importer(815301076,1909f56bfc062723c751e8b465ee728b)  -> (artifact id: '1a58e15516c42bd1c392273a7728f52e') in 0.019456 seconds
Number of updated asset objects reloaded before import = 0
Number of asset objects unloaded after import = 2
========================================================================
Received Import Request.
  Time since last request: 0.345964 seconds.
  path: Assets/AssTesting/Assets/ModularHousePack1/Art/Textures/BC_Tiles_001.png
  artifactKey: Guid(7f4ef18767c576642b30c0ed220e0cd7) Importer(815301076,1909f56bfc062723c751e8b465ee728b)
Start importing Assets/AssTesting/Assets/ModularHousePack1/Art/Textures/BC_Tiles_001.png using Guid(7f4ef18767c576642b30c0ed220e0cd7) Importer(815301076,1909f56bfc062723c751e8b465ee728b)  -> (artifact id: 'c26456fbe460c550a9821c9ee8eaaee4') in 0.018326 seconds
Number of updated asset objects reloaded before import = 0
Number of asset objects unloaded after import = 2
========================================================================
Received Import Request.
  Time since last request: 0.000017 seconds.
  path: Assets/Scenes/TestingProgrammazione/BlocchiTexture/Cubo1.renderTexture
  artifactKey: Guid(d4b5f6bd07ac75349a02bda3e96d35f5) Importer(815301076,1909f56bfc062723c751e8b465ee728b)
Start importing Assets/Scenes/TestingProgrammazione/BlocchiTexture/Cubo1.renderTexture using Guid(d4b5f6bd07ac75349a02bda3e96d35f5) Importer(815301076,1909f56bfc062723c751e8b465ee728b)  -> (artifact id: '53c822382c5ec9effdd4ad61a1230534') in 0.013097 seconds
Number of updated asset objects reloaded before import = 0
Number of asset objects unloaded after import = 2
========================================================================
Received Import Request.
  Time since last request: 0.000017 seconds.
  path: Assets/Scenes/TestingProgrammazione/BlocchiTexture/Cubo2.renderTexture
  artifactKey: Guid(37cba93f4198f654bb5f05c04a1b65fb) Importer(815301076,1909f56bfc062723c751e8b465ee728b)
Start importing Assets/Scenes/TestingProgrammazione/BlocchiTexture/Cubo2.renderTexture using Guid(37cba93f4198f654bb5f05c04a1b65fb) Importer(815301076,1909f56bfc062723c751e8b465ee728b)  -> (artifact id: 'da6b3de5dc11fddbc68fd1b70bc2c146') in 0.009106 seconds
Number of updated asset objects reloaded before import = 0
Number of asset objects unloaded after import = 2
========================================================================
Received Import Request.
  Time since last request: 0.000016 seconds.
  path: Assets/Scenes/TestingProgrammazione/BlocchiTexture/Cubo3.renderTexture
  artifactKey: Guid(9b46999f8a07efa41b7a3fa684db979e) Importer(815301076,1909f56bfc062723c751e8b465ee728b)
Start importing Assets/Scenes/TestingProgrammazione/BlocchiTexture/Cubo3.renderTexture using Guid(9b46999f8a07efa41b7a3fa684db979e) Importer(815301076,1909f56bfc062723c751e8b465ee728b)  -> (artifact id: '75ff1e0825678fe14fedade86643f0d3') in 0.008126 seconds
Number of updated asset objects reloaded before import = 0
Number of asset objects unloaded after import = 2
========================================================================
Received Import Request.
  Time since last request: 0.126363 seconds.
  path: Assets/AssTesting/Assets/Danbocchi/Texture/d6_FloorPanel.bmp
  artifactKey: Guid(bead2183cf6a9574f96d6d41773c5f18) Importer(815301076,1909f56bfc062723c751e8b465ee728b)
Start importing Assets/AssTesting/Assets/Danbocchi/Texture/d6_FloorPanel.bmp using Guid(bead2183cf6a9574f96d6d41773c5f18) Importer(815301076,1909f56bfc062723c751e8b465ee728b)  -> (artifact id: '05441e6d66156c3ccde87fee315a7cc9') in 0.019783 seconds
Number of updated asset objects reloaded before import = 0
Number of asset objects unloaded after import = 2
========================================================================
Received Import Request.
  Time since last request: 0.267032 seconds.
  path: Assets/AssTesting/Assets/Danbocchi/Texture/d6_Grande_FrontPanel.bmp
  artifactKey: Guid(938bc2b02f157f44b8cd990a6a64864b) Importer(815301076,1909f56bfc062723c751e8b465ee728b)
Start importing Assets/AssTesting/Assets/Danbocchi/Texture/d6_Grande_FrontPanel.bmp using Guid(938bc2b02f157f44b8cd990a6a64864b) Importer(815301076,1909f56bfc062723c751e8b465ee728b)  -> (artifact id: '3e070b872bc9974f5c7957eb817c48a9') in 0.020501 seconds
Number of updated asset objects reloaded before import = 0
Number of asset objects unloaded after import = 2
========================================================================
Received Import Request.
  Time since last request: 0.033889 seconds.
  path: Assets/AssTesting/Assets/Danbocchi/Texture/d6_LeftPanel.bmp
  artifactKey: Guid(77479490c8f900d49a78ef027ef6383a) Importer(815301076,1909f56bfc062723c751e8b465ee728b)
Start importing Assets/AssTesting/Assets/Danbocchi/Texture/d6_LeftPanel.bmp using Guid(77479490c8f900d49a78ef027ef6383a) Importer(815301076,1909f56bfc062723c751e8b465ee728b)  -> (artifact id: 'afd20c3844f5541c05ca80ea6c47655a') in 0.018355 seconds
Number of updated asset objects reloaded before import = 0
Number of asset objects unloaded after import = 2
========================================================================
Received Import Request.
  Time since last request: 0.000015 seconds.
  path: Assets/AssTesting/Assets/Danbocchi/Texture/d6_RightPanel.bmp
  artifactKey: Guid(8048a8fca47276a469bd49d08a997ea7) Importer(815301076,1909f56bfc062723c751e8b465ee728b)
Start importing Assets/AssTesting/Assets/Danbocchi/Texture/d6_RightPanel.bmp using Guid(8048a8fca47276a469bd49d08a997ea7) Importer(815301076,1909f56bfc062723c751e8b465ee728b)  -> (artifact id: 'f45c0dffbe64af092c47122813e8d344') in 0.018342 seconds
Number of updated asset objects reloaded before import = 0
Number of asset objects unloaded after import = 2
========================================================================
Received Import Request.
  Time since last request: 0.263650 seconds.
  path: Assets/AssTesting/Assets/Danbocchi/Texture/d6_Sirencer.bmp
  artifactKey: Guid(0bbaf4c9fb069ce47958efeaa63025e2) Importer(815301076,1909f56bfc062723c751e8b465ee728b)
Start importing Assets/AssTesting/Assets/Danbocchi/Texture/d6_Sirencer.bmp using Guid(0bbaf4c9fb069ce47958efeaa63025e2) Importer(815301076,1909f56bfc062723c751e8b465ee728b)  -> (artifact id: 'bdb5d9cca7049109a80387bedb048f9c') in 0.022793 seconds
Number of updated asset objects reloaded before import = 0
Number of asset objects unloaded after import = 2
========================================================================
Received Import Request.
  Time since last request: 0.034053 seconds.
  path: Assets/AssTesting/Assets/Danbocchi/Texture/d6_Tall_FrontPanel.bmp
  artifactKey: Guid(87e000c12a81bf0498ae089b5b951fc6) Importer(815301076,1909f56bfc062723c751e8b465ee728b)
Start importing Assets/AssTesting/Assets/Danbocchi/Texture/d6_Tall_FrontPanel.bmp using Guid(87e000c12a81bf0498ae089b5b951fc6) Importer(815301076,1909f56bfc062723c751e8b465ee728b)  -> (artifact id: 'c71235c9eb8019ce2db3c16f9d66307c') in 0.023730 seconds
Number of updated asset objects reloaded before import = 0
Number of asset objects unloaded after import = 2
========================================================================
Received Import Request.
  Time since last request: 0.213922 seconds.
  path: Assets/AssTesting/Assets/Danbocchi/Texture/d6_Tall_RearPanel.bmp
  artifactKey: Guid(37283236e0de2fe40b8599e6ecad04e5) Importer(815301076,1909f56bfc062723c751e8b465ee728b)
Start importing Assets/AssTesting/Assets/Danbocchi/Texture/d6_Tall_RearPanel.bmp using Guid(37283236e0de2fe40b8599e6ecad04e5) Importer(815301076,1909f56bfc062723c751e8b465ee728b)  -> (artifact id: '355725b0ceb1d8e6cfe9a77b34163199') in 0.017808 seconds
Number of updated asset objects reloaded before import = 0
Number of asset objects unloaded after import = 2
========================================================================
Received Import Request.
  Time since last request: 0.059490 seconds.
  path: Assets/AssTesting/Assets/Danbocchi/Texture/d6_Texture.bmp
  artifactKey: Guid(016bbdd54931b8348b54a52cc439ff59) Importer(815301076,1909f56bfc062723c751e8b465ee728b)
Start importing Assets/AssTesting/Assets/Danbocchi/Texture/d6_Texture.bmp using Guid(016bbdd54931b8348b54a52cc439ff59) Importer(815301076,1909f56bfc062723c751e8b465ee728b)  -> (artifact id: '9f6c286b85eb7fdbcc5adc060fd23c33') in 0.018377 seconds
Number of updated asset objects reloaded before import = 0
Number of asset objects unloaded after import = 2
========================================================================
Received Import Request.
  Time since last request: 0.000016 seconds.
  path: Assets/AssTesting/Assets/Danbocchi/Texture/d6_Wide_RearPanel.bmp
  artifactKey: Guid(81f3688cb8d512f47a157faf61db7458) Importer(815301076,1909f56bfc062723c751e8b465ee728b)
Start importing Assets/AssTesting/Assets/Danbocchi/Texture/d6_Wide_RearPanel.bmp using Guid(81f3688cb8d512f47a157faf61db7458) Importer(815301076,1909f56bfc062723c751e8b465ee728b)  -> (artifact id: 'c52caf1553deaf52b5d8a49b33548b75') in 0.018974 seconds
Number of updated asset objects reloaded before import = 0
Number of asset objects unloaded after import = 2
========================================================================
Received Import Request.
  Time since last request: 0.253917 seconds.
  path: Assets/AssTesting/Assets/Danbocchi/Texture/d6_Wide_RoofPanel.bmp
  artifactKey: Guid(5bb02c5fc44e84d40993894600434bf3) Importer(815301076,1909f56bfc062723c751e8b465ee728b)
Start importing Assets/AssTesting/Assets/Danbocchi/Texture/d6_Wide_RoofPanel.bmp using Guid(5bb02c5fc44e84d40993894600434bf3) Importer(815301076,1909f56bfc062723c751e8b465ee728b)  -> (artifact id: '6e1973986d1ccc57f10ad353471e4ee7') in 0.021087 seconds
Number of updated asset objects reloaded before import = 0
Number of asset objects unloaded after import = 2
========================================================================
Received Import Request.
  Time since last request: 0.035590 seconds.
  path: Assets/TextMesh Pro/Sprites/EmojiOne.png
  artifactKey: Guid(dffef66376be4fa480fb02b19edbe903) Importer(815301076,1909f56bfc062723c751e8b465ee728b)
Start importing Assets/TextMesh Pro/Sprites/EmojiOne.png using Guid(dffef66376be4fa480fb02b19edbe903) Importer(815301076,1909f56bfc062723c751e8b465ee728b)  -> (artifact id: '80d878b40f63569d42693a08692782a0') in 0.016744 seconds
Number of updated asset objects reloaded before import = 0
Number of asset objects unloaded after import = 2
========================================================================
Received Import Request.
  Time since last request: 0.238601 seconds.
  path: Assets/AssTesting/Assets/Danbocchi/Texture/frame_white.bmp
  artifactKey: Guid(c20999fb994a39d4baf338ca0212fd74) Importer(815301076,1909f56bfc062723c751e8b465ee728b)
Start importing Assets/AssTesting/Assets/Danbocchi/Texture/frame_white.bmp using Guid(c20999fb994a39d4baf338ca0212fd74) Importer(815301076,1909f56bfc062723c751e8b465ee728b)  -> (artifact id: 'cda74e3b54eba26f59defa9652c598e1') in 0.020120 seconds
Number of updated asset objects reloaded before import = 0
Number of asset objects unloaded after import = 2
========================================================================
Received Import Request.
  Time since last request: 0.033400 seconds.
  path: Assets/AssTesting/Assets/ModularHousePack1/Art/Textures/Hg_Ext_Tile_001.png
  artifactKey: Guid(c118ddea0b0ab13468f8ee778ea9cbd2) Importer(815301076,1909f56bfc062723c751e8b465ee728b)
Start importing Assets/AssTesting/Assets/ModularHousePack1/Art/Textures/Hg_Ext_Tile_001.png using Guid(c118ddea0b0ab13468f8ee778ea9cbd2) Importer(815301076,1909f56bfc062723c751e8b465ee728b)  -> (artifact id: '488b67abf17a6d2536ad7823455f9b66') in 0.024950 seconds
Number of updated asset objects reloaded before import = 0
Number of asset objects unloaded after import = 2
========================================================================
Received Import Request.
  Time since last request: 0.035833 seconds.
  path: Assets/TextMesh Pro/Resources/Fonts & Materials/LiberationSans SDF - Fallback.asset
  artifactKey: Guid(2e498d1c8094910479dc3e1b768306a4) Importer(815301076,1909f56bfc062723c751e8b465ee728b)
Start importing Assets/TextMesh Pro/Resources/Fonts & Materials/LiberationSans SDF - Fallback.asset using Guid(2e498d1c8094910479dc3e1b768306a4) Importer(815301076,1909f56bfc062723c751e8b465ee728b)  -> (artifact id: '19995e0deb6bb6d3a8a7c291b0a7e453') in 0.100577 seconds
Number of updated asset objects reloaded before import = 0
Number of asset objects unloaded after import = 6
========================================================================
Received Import Request.
  Time since last request: 0.112071 seconds.
  path: Assets/AssTesting/Assets/ModularHousePack1/Art/Textures/Mt_Iron_001.png
  artifactKey: Guid(e2cb76808f92b91498f34f37d5a01dc3) Importer(815301076,1909f56bfc062723c751e8b465ee728b)
Start importing Assets/AssTesting/Assets/ModularHousePack1/Art/Textures/Mt_Iron_001.png using Guid(e2cb76808f92b91498f34f37d5a01dc3) Importer(815301076,1909f56bfc062723c751e8b465ee728b)  -> (artifact id: '2a958ffa09f3d4d9b988c81f2ee1620e') in 0.022507 seconds
Number of updated asset objects reloaded before import = 0
Number of asset objects unloaded after import = 2
========================================================================
Received Import Request.
  Time since last request: 0.025177 seconds.
  path: Assets/AssTesting/Assets/ModularHousePack1/Art/Textures/Mt_Plate_001.png
  artifactKey: Guid(ec70a49e1fd813246a9dfcffb97e7bfb) Importer(815301076,1909f56bfc062723c751e8b465ee728b)
Start importing Assets/AssTesting/Assets/ModularHousePack1/Art/Textures/Mt_Plate_001.png using Guid(ec70a49e1fd813246a9dfcffb97e7bfb) Importer(815301076,1909f56bfc062723c751e8b465ee728b)  -> (artifact id: '2216bc34e9a449c56a578ab7b06c2c15') in 0.023042 seconds
Number of updated asset objects reloaded before import = 0
Number of asset objects unloaded after import = 2
========================================================================
Received Import Request.
  Time since last request: 0.000022 seconds.
  path: Assets/AssTesting/Assets/ModularHousePack1/Art/Textures/Nr_Clay_001.png
  artifactKey: Guid(1391234abfdfbd148966fd8d1f0778d6) Importer(815301076,1909f56bfc062723c751e8b465ee728b)
Start importing Assets/AssTesting/Assets/ModularHousePack1/Art/Textures/Nr_Clay_001.png using Guid(1391234abfdfbd148966fd8d1f0778d6) Importer(815301076,1909f56bfc062723c751e8b465ee728b)  -> (artifact id: 'f73f97855c93602500975bdd22c1f3cf') in 0.030825 seconds
Number of updated asset objects reloaded before import = 0
Number of asset objects unloaded after import = 2
========================================================================
Received Import Request.
  Time since last request: 0.388794 seconds.
  path: Assets/AssTesting/Assets/ModularHousePack1/Art/Textures/Nr_Concrete_001.png
  artifactKey: Guid(2636e92746ca6c247b0e0fe4bfd1bbda) Importer(815301076,1909f56bfc062723c751e8b465ee728b)
Start importing Assets/AssTesting/Assets/ModularHousePack1/Art/Textures/Nr_Concrete_001.png using Guid(2636e92746ca6c247b0e0fe4bfd1bbda) Importer(815301076,1909f56bfc062723c751e8b465ee728b)  -> (artifact id: '982d622e0f03371824f075ee6c36ce6d') in 0.035109 seconds
Number of updated asset objects reloaded before import = 0
Number of asset objects unloaded after import = 2
========================================================================
Received Import Request.
  Time since last request: 98.793935 seconds.
  path: Assets/AssTesting/UI/Cassaforte/tasto2.png
  artifactKey: Guid(9d94463ca01b6054abba888e3e78dff1) Importer(815301076,1909f56bfc062723c751e8b465ee728b)
Start importing Assets/AssTesting/UI/Cassaforte/tasto2.png using Guid(9d94463ca01b6054abba888e3e78dff1) Importer(815301076,1909f56bfc062723c751e8b465ee728b)  -> (artifact id: 'f735157c3260be042e647de13e4ac2d5') in 0.019040 seconds
Number of updated asset objects reloaded before import = 0
Number of asset objects unloaded after import = 2
========================================================================
Received Import Request.
  Time since last request: 8.529650 seconds.
  path: Assets/AssTesting/UI/Cassaforte/tasto3.png
  artifactKey: Guid(b93706a782b698849837df89d8b9fcd4) Importer(815301076,1909f56bfc062723c751e8b465ee728b)
Start importing Assets/AssTesting/UI/Cassaforte/tasto3.png using Guid(b93706a782b698849837df89d8b9fcd4) Importer(815301076,1909f56bfc062723c751e8b465ee728b)  -> (artifact id: '1205b960f3ab8d9b28e18888e959074e') in 0.018749 seconds
Number of updated asset objects reloaded before import = 0
Number of asset objects unloaded after import = 2
========================================================================
Received Import Request.
  Time since last request: 4.499794 seconds.
  path: Assets/AssTesting/UI/Cassaforte/tasto4.png
  artifactKey: Guid(4b16fa72da48b5642922413c04d18f46) Importer(815301076,1909f56bfc062723c751e8b465ee728b)
Start importing Assets/AssTesting/UI/Cassaforte/tasto4.png using Guid(4b16fa72da48b5642922413c04d18f46) Importer(815301076,1909f56bfc062723c751e8b465ee728b)  -> (artifact id: 'b164c3483bf3f52a7aa319920e3266c9') in 0.018404 seconds
Number of updated asset objects reloaded before import = 0
Number of asset objects unloaded after import = 2
========================================================================
Received Import Request.
  Time since last request: 7.071524 seconds.
  path: Assets/AssTesting/UI/Cassaforte/tasto5.png
  artifactKey: Guid(7cd77b618a151364ca29d12abe19ed20) Importer(815301076,1909f56bfc062723c751e8b465ee728b)
Start importing Assets/AssTesting/UI/Cassaforte/tasto5.png using Guid(7cd77b618a151364ca29d12abe19ed20) Importer(815301076,1909f56bfc062723c751e8b465ee728b)  -> (artifact id: '10bedcfa320773a3ed3cae849d771dbc') in 0.017744 seconds
Number of updated asset objects reloaded before import = 0
Number of asset objects unloaded after import = 2
========================================================================
Received Import Request.
  Time since last request: 5.187779 seconds.
  path: Assets/AssTesting/UI/Cassaforte/tasto6.png
  artifactKey: Guid(bf3fb11b8321f3740bd143244e1232a1) Importer(815301076,1909f56bfc062723c751e8b465ee728b)
Start importing Assets/AssTesting/UI/Cassaforte/tasto6.png using Guid(bf3fb11b8321f3740bd143244e1232a1) Importer(815301076,1909f56bfc062723c751e8b465ee728b)  -> (artifact id: 'cc2b48745669f91c70ecfa4c8d7ed3da') in 0.018055 seconds
Number of updated asset objects reloaded before import = 0
Number of asset objects unloaded after import = 2
========================================================================
Received Import Request.
  Time since last request: 8.826978 seconds.
  path: Assets/AssTesting/UI/Cassaforte/tasto7.png
  artifactKey: Guid(43e9d5d1ffc9c864abf60fafaf7dd7a3) Importer(815301076,1909f56bfc062723c751e8b465ee728b)
Start importing Assets/AssTesting/UI/Cassaforte/tasto7.png using Guid(43e9d5d1ffc9c864abf60fafaf7dd7a3) Importer(815301076,1909f56bfc062723c751e8b465ee728b)  -> (artifact id: 'bc594fc10500b23fc9055c6ec5478bc3') in 0.029243 seconds
Number of updated asset objects reloaded before import = 0
Number of asset objects unloaded after import = 3
========================================================================
Received Import Request.
  Time since last request: 7.285631 seconds.
  path: Assets/AssTesting/UI/Cassaforte/tasto2.png
  artifactKey: Guid(9d94463ca01b6054abba888e3e78dff1) Importer(815301076,1909f56bfc062723c751e8b465ee728b)
Start importing Assets/AssTesting/UI/Cassaforte/tasto2.png using Guid(9d94463ca01b6054abba888e3e78dff1) Importer(815301076,1909f56bfc062723c751e8b465ee728b)  -> (artifact id: 'a4147e5104478bdb72a3d9e09f2e1022') in 0.022615 seconds
Number of updated asset objects reloaded before import = 0
Number of asset objects unloaded after import = 3
========================================================================
Received Import Request.
  Time since last request: 11.711121 seconds.
  path: Assets/AssTesting/UI/Cassaforte/tasto3.png
  artifactKey: Guid(b93706a782b698849837df89d8b9fcd4) Importer(815301076,1909f56bfc062723c751e8b465ee728b)
Start importing Assets/AssTesting/UI/Cassaforte/tasto3.png using Guid(b93706a782b698849837df89d8b9fcd4) Importer(815301076,1909f56bfc062723c751e8b465ee728b)  -> (artifact id: 'a35a9a3425d618dd3a00e2ecbe1e226f') in 0.018189 seconds
Number of updated asset objects reloaded before import = 0
Number of asset objects unloaded after import = 3
========================================================================
Received Import Request.
  Time since last request: 4.508566 seconds.
  path: Assets/AssTesting/UI/Cassaforte/tasto4.png
  artifactKey: Guid(4b16fa72da48b5642922413c04d18f46) Importer(815301076,1909f56bfc062723c751e8b465ee728b)
Start importing Assets/AssTesting/UI/Cassaforte/tasto4.png using Guid(4b16fa72da48b5642922413c04d18f46) Importer(815301076,1909f56bfc062723c751e8b465ee728b)  -> (artifact id: '6d66be41e0f389245ee9bd0e71c2ef35') in 0.018245 seconds
Number of updated asset objects reloaded before import = 0
Number of asset objects unloaded after import = 3
========================================================================
Received Import Request.
  Time since last request: 6.349132 seconds.
  path: Assets/AssTesting/UI/Cassaforte/tasto5.png
  artifactKey: Guid(7cd77b618a151364ca29d12abe19ed20) Importer(815301076,1909f56bfc062723c751e8b465ee728b)
Start importing Assets/AssTesting/UI/Cassaforte/tasto5.png using Guid(7cd77b618a151364ca29d12abe19ed20) Importer(815301076,1909f56bfc062723c751e8b465ee728b)  -> (artifact id: 'f8724842cf32f661c9eeabebac459a6c') in 0.020299 seconds
Number of updated asset objects reloaded before import = 0
Number of asset objects unloaded after import = 3
========================================================================
Received Import Request.
  Time since last request: 6.741139 seconds.
  path: Assets/AssTesting/UI/Cassaforte/tasto6.png
  artifactKey: Guid(bf3fb11b8321f3740bd143244e1232a1) Importer(815301076,1909f56bfc062723c751e8b465ee728b)
Start importing Assets/AssTesting/UI/Cassaforte/tasto6.png using Guid(bf3fb11b8321f3740bd143244e1232a1) Importer(815301076,1909f56bfc062723c751e8b465ee728b)  -> (artifact id: 'be338c1c6868661260b364634be78d11') in 0.019967 seconds
Number of updated asset objects reloaded before import = 0
Number of asset objects unloaded after import = 3
========================================================================
Received Import Request.
  Time since last request: 6.512930 seconds.
  path: Assets/AssTesting/UI/Cassaforte/tasto8.png
  artifactKey: Guid(55c1da8d1b1a15649ae41e797014d3c6) Importer(815301076,1909f56bfc062723c751e8b465ee728b)
Start importing Assets/AssTesting/UI/Cassaforte/tasto8.png using Guid(55c1da8d1b1a15649ae41e797014d3c6) Importer(815301076,1909f56bfc062723c751e8b465ee728b)  -> (artifact id: '3ebdf5bc45f8e96810edae28147f497d') in 0.026330 seconds
Number of updated asset objects reloaded before import = 0
Number of asset objects unloaded after import = 3
========================================================================
Received Import Request.
  Time since last request: 4.985102 seconds.
  path: Assets/AssTesting/UI/Cassaforte/tasto9.png
  artifactKey: Guid(c97ce17b824c50f47ab3d57e81b73d22) Importer(815301076,1909f56bfc062723c751e8b465ee728b)
Start importing Assets/AssTesting/UI/Cassaforte/tasto9.png using Guid(c97ce17b824c50f47ab3d57e81b73d22) Importer(815301076,1909f56bfc062723c751e8b465ee728b)  -> (artifact id: 'ef428d448eb633b1d8b723278fcc9c84') in 0.020252 seconds
Number of updated asset objects reloaded before import = 0
Number of asset objects unloaded after import = 3
========================================================================
Received Import Request.
  Time since last request: 8.056282 seconds.
  path: Assets/AssTesting/UI/Cassaforte/tasto1.png
  artifactKey: Guid(b7c98bdbcac7d0f4cb27c28404a291aa) Importer(815301076,1909f56bfc062723c751e8b465ee728b)
Start importing Assets/AssTesting/UI/Cassaforte/tasto1.png using Guid(b7c98bdbcac7d0f4cb27c28404a291aa) Importer(815301076,1909f56bfc062723c751e8b465ee728b)  -> (artifact id: '69c14395f340ddaebae24fd11cdf525a') in 0.026225 seconds
Number of updated asset objects reloaded before import = 0
Number of asset objects unloaded after import = 3
========================================================================
Received Import Request.
  Time since last request: 1882.531205 seconds.
  path: Assets/TextMesh Pro/Resources/Fonts & Materials/LiberationSans SDF - Drop Shadow.mat
  artifactKey: Guid(e73a58f6e2794ae7b1b7e50b7fb811b0) Importer(815301076,1909f56bfc062723c751e8b465ee728b)
Start importing Assets/TextMesh Pro/Resources/Fonts & Materials/LiberationSans SDF - Drop Shadow.mat using Guid(e73a58f6e2794ae7b1b7e50b7fb811b0) Importer(815301076,1909f56bfc062723c751e8b465ee728b)  -> (artifact id: 'bb131fc89cef7bb7c239fde4c0494087') in 0.474530 seconds
Number of updated asset objects reloaded before import = 0
Number of asset objects unloaded after import = 2
