Using pre-set license
Built from '2022.3/release' branch; Version is '2022.3.20f1 (61c2feb0970d) revision 6406910'; Using compiler version '192829333'; Build Type 'Release'
OS: 'Windows 11  (10.0.22631) 64bit Core' Language: 'it' Physical Memory: 7968 MB
BatchMode: 1, IsHumanControllingUs: 0, StartBugReporterOnCrash: 0, Is64bit: 1, IsPro: 1

COMMAND LINE ARGUMENTS:
C:\Program Files\Unity\Hub\Editor\2022.3.20f1\Editor\Unity.exe
-adb2
-batchMode
-noUpm
-name
AssetImportWorker0
-projectPath
C:/UNITY_PROJECTS/GD1_GiocoDiGruppo/PowerGirlFeatHombreYaoi
-logFile
Logs/AssetImportWorker0.log
-srvPort
58108
Successfully changed project path to: C:/UNITY_PROJECTS/GD1_GiocoDiGruppo/PowerGirlFeatHombreYaoi
C:/UNITY_PROJECTS/GD1_GiocoDiGruppo/PowerGirlFeatHombreYaoi
[UnityMemory] Configuration Parameters - Can be set up in boot.config
    "memorysetup-bucket-allocator-granularity=16"
    "memorysetup-bucket-allocator-bucket-count=8"
    "memorysetup-bucket-allocator-block-size=33554432"
    "memorysetup-bucket-allocator-block-count=8"
    "memorysetup-main-allocator-block-size=16777216"
    "memorysetup-thread-allocator-block-size=16777216"
    "memorysetup-gfx-main-allocator-block-size=16777216"
    "memorysetup-gfx-thread-allocator-block-size=16777216"
    "memorysetup-cache-allocator-block-size=4194304"
    "memorysetup-typetree-allocator-block-size=2097152"
    "memorysetup-profiler-bucket-allocator-granularity=16"
    "memorysetup-profiler-bucket-allocator-bucket-count=8"
    "memorysetup-profiler-bucket-allocator-block-size=33554432"
    "memorysetup-profiler-bucket-allocator-block-count=8"
    "memorysetup-profiler-allocator-block-size=16777216"
    "memorysetup-profiler-editor-allocator-block-size=1048576"
    "memorysetup-temp-allocator-size-main=16777216"
    "memorysetup-job-temp-allocator-block-size=2097152"
    "memorysetup-job-temp-allocator-block-size-background=1048576"
    "memorysetup-job-temp-allocator-reduction-small-platforms=262144"
    "memorysetup-allocator-temp-initial-block-size-main=262144"
    "memorysetup-allocator-temp-initial-block-size-worker=262144"
    "memorysetup-temp-allocator-size-background-worker=32768"
    "memorysetup-temp-allocator-size-job-worker=262144"
    "memorysetup-temp-allocator-size-preload-manager=33554432"
    "memorysetup-temp-allocator-size-nav-mesh-worker=65536"
    "memorysetup-temp-allocator-size-audio-worker=65536"
    "memorysetup-temp-allocator-size-cloud-worker=32768"
    "memorysetup-temp-allocator-size-gi-baking-worker=262144"
    "memorysetup-temp-allocator-size-gfx=262144"
Player connection [13228] Host "[IP] 192.168.178.56 [Port] 0 [Flags] 2 [Guid] 4074226671 [EditorId] 4074226671 [Version] 1048832 [Id] WindowsEditor(7,LAPTOP-C4HSBGVU) [Debug] 1 [PackageName] WindowsEditor [ProjectName] Editor" joined multi-casting on [225.0.0.222:54997]...

Player connection [13228] Host "[IP] 192.168.178.56 [Port] 0 [Flags] 2 [Guid] 4074226671 [EditorId] 4074226671 [Version] 1048832 [Id] WindowsEditor(7,LAPTOP-C4HSBGVU) [Debug] 1 [PackageName] WindowsEditor [ProjectName] Editor" joined alternative multi-casting on [225.0.0.222:34997]...

[Physics::Module] Initialized MultithreadedJobDispatcher with 7 workers.
Refreshing native plugins compatible for Editor in 45.57 ms, found 3 plugins.
Preloading 0 native plugins for Editor in 0.00 ms.
Initialize engine version: 2022.3.20f1 (61c2feb0970d)
[Subsystems] Discovering subsystems at path C:/Program Files/Unity/Hub/Editor/2022.3.20f1/Editor/Data/Resources/UnitySubsystems
[Subsystems] Discovering subsystems at path C:/UNITY_PROJECTS/GD1_GiocoDiGruppo/PowerGirlFeatHombreYaoi/Assets
GfxDevice: creating device client; threaded=0; jobified=0
Direct3D:
    Version:  Direct3D 11.0 [level 11.1]
    Renderer: NVIDIA GeForce GTX 1660 Ti with Max-Q Design (ID=0x2191)
    Vendor:   NVIDIA
    VRAM:     5979 MB
    Driver:   31.0.15.4626
Initialize mono
Mono path[0] = 'C:/Program Files/Unity/Hub/Editor/2022.3.20f1/Editor/Data/Managed'
Mono path[1] = 'C:/Program Files/Unity/Hub/Editor/2022.3.20f1/Editor/Data/MonoBleedingEdge/lib/mono/unityjit-win32'
Mono config path = 'C:/Program Files/Unity/Hub/Editor/2022.3.20f1/Editor/Data/MonoBleedingEdge/etc'
Using monoOptions --debugger-agent=transport=dt_socket,embedding=1,server=y,suspend=n,address=127.0.0.1:56332
Begin MonoManager ReloadAssembly
Registering precompiled unity dll's ...
Register platform support module: C:/Program Files/Unity/Hub/Editor/2022.3.20f1/Editor/Data/PlaybackEngines/WindowsStandaloneSupport/UnityEditor.WindowsStandalone.Extensions.dll
Registered in 0.014911 seconds.
- Loaded All Assemblies, in  0.578 seconds
Native extension for WindowsStandalone target not found
Mono: successfully reloaded assembly
- Finished resetting the current domain, in  0.477 seconds
Domain Reload Profiling: 1051ms
	BeginReloadAssembly (226ms)
		ExecutionOrderSort (0ms)
		DisableScriptedObjects (0ms)
		BackupInstance (0ms)
		ReleaseScriptingObjects (0ms)
		CreateAndSetChildDomain (1ms)
	RebuildCommonClasses (49ms)
	RebuildNativeTypeToScriptingClass (13ms)
	initialDomainReloadingComplete (87ms)
	LoadAllAssembliesAndSetupDomain (198ms)
		LoadAssemblies (220ms)
		RebuildTransferFunctionScriptingTraits (0ms)
		AnalyzeDomain (195ms)
			TypeCache.Refresh (193ms)
				TypeCache.ScanAssembly (175ms)
			ScanForSourceGeneratedMonoScriptInfo (1ms)
			ResolveRequiredComponents (1ms)
	FinalizeReload (478ms)
		ReleaseScriptCaches (0ms)
		RebuildScriptCaches (0ms)
		SetupLoadedEditorAssemblies (384ms)
			LogAssemblyErrors (0ms)
			InitializePlatformSupportModulesInManaged (15ms)
			SetLoadedEditorAssemblies (15ms)
			RefreshPlugins (0ms)
			BeforeProcessingInitializeOnLoad (4ms)
			ProcessInitializeOnLoadAttributes (284ms)
			ProcessInitializeOnLoadMethodAttributes (66ms)
			AfterProcessingInitializeOnLoad (0ms)
			EditorAssembliesLoaded (0ms)
		ExecutionOrderSort2 (0ms)
		AwakeInstancesAfterBackupRestoration (0ms)
========================================================================
Worker process is ready to serve import requests
Begin MonoManager ReloadAssembly
- Loaded All Assemblies, in  1.605 seconds
Refreshing native plugins compatible for Editor in 12.63 ms, found 3 plugins.
Native extension for WindowsStandalone target not found
Package Manager log level set to [2]
[Package Manager] Server::EnsureServerProcessIsRunning -- launch failed, reason: Unity was launched with the -noUpm command-line argument
[Package Manager] UpmClient::Send -- Unable to send message (not connected to UPM process).
[Package Manager] Cannot connect to Unity Package Manager local server
Mono: successfully reloaded assembly
- Finished resetting the current domain, in  1.360 seconds
Domain Reload Profiling: 2958ms
	BeginReloadAssembly (303ms)
		ExecutionOrderSort (0ms)
		DisableScriptedObjects (7ms)
		BackupInstance (0ms)
		ReleaseScriptingObjects (0ms)
		CreateAndSetChildDomain (45ms)
	RebuildCommonClasses (68ms)
	RebuildNativeTypeToScriptingClass (19ms)
	initialDomainReloadingComplete (63ms)
	LoadAllAssembliesAndSetupDomain (1145ms)
		LoadAssemblies (903ms)
		RebuildTransferFunctionScriptingTraits (0ms)
		AnalyzeDomain (433ms)
			TypeCache.Refresh (368ms)
				TypeCache.ScanAssembly (338ms)
			ScanForSourceGeneratedMonoScriptInfo (44ms)
			ResolveRequiredComponents (18ms)
	FinalizeReload (1360ms)
		ReleaseScriptCaches (0ms)
		RebuildScriptCaches (0ms)
		SetupLoadedEditorAssemblies (1114ms)
			LogAssemblyErrors (0ms)
			InitializePlatformSupportModulesInManaged (11ms)
			SetLoadedEditorAssemblies (6ms)
			RefreshPlugins (0ms)
			BeforeProcessingInitializeOnLoad (255ms)
			ProcessInitializeOnLoadAttributes (740ms)
			ProcessInitializeOnLoadMethodAttributes (90ms)
			AfterProcessingInitializeOnLoad (13ms)
			EditorAssembliesLoaded (0ms)
		ExecutionOrderSort2 (0ms)
		AwakeInstancesAfterBackupRestoration (9ms)
Failed to load shader (instanceID 12274, GUID c8b6a681c7b4e2e4785ffab093907f9e)
Failed to load shader (instanceID 12276, GUID 911130a939bf84843bcc4211c327f579)
Failed to load shader (instanceID 12278, GUID c84d57d423a2042eb92da86f9fa670a3)
Failed to load shader (instanceID 12280, GUID 0f4122b9a743b744abe2fb6a0a88868b)
Failed to load shader (instanceID 12282, GUID 0a7e590f3cf1d4ee8a8fab5b6eff09ef)
Failed to load shader (instanceID 12284, GUID 21322c8b137c66e49b86085d3c8161f6)
Failed to load shader (instanceID 12286, GUID 4293210a3280c4283b9872316017f1f9)
Failed to load shader (instanceID 12288, GUID d6dae50ee9e1bfa4db75f19f99355220)
Failed to load shader (instanceID 12290, GUID ec9fec698a3456d4fb18cf8bacb7a2bc)
Failed to load shader (instanceID 12292, GUID 573620ae32aec764abd4d728906d2587)
Failed to load shader (instanceID 12294, GUID 1ccecd9b89b8a4f14bfb64f29ddfcc81)
Failed to load shader (instanceID 12296, GUID 8ca8b34aa013842f3b399b6961e7dc3b)
Failed to load shader (instanceID 12298, GUID 74b1585886a85614aa34e2c8e303c77a)
Failed to load shader (instanceID 12300, GUID e8ee25143a34b8c4388709ea947055d1)
Failed to load shader (instanceID 12302, GUID 04c410c9937594faa893a11dceb85f7e)
Failed to load shader (instanceID 12304, GUID a16365e8c873daa4c94919438490b905)
Failed to load shader (instanceID 12306, GUID 4431b1f1f743fbf4eb310a967890cbea)
Failed to load shader (instanceID 12308, GUID 0d0f817524897904ba47a6a1d55e7668)
Failed to load shader (instanceID 12310, GUID 77cfa04f893eb8745b6a454a3d51b43c)
Failed to load shader (instanceID 12312, GUID e6e9a19c3678ded42a3bc431ebef7dbd)
Failed to load shader (instanceID 12314, GUID d6e5744ac426949ff8c0f02936689d4c)
Failed to load shader (instanceID 12316, GUID d104b2fc1ca6445babb8e90b0758136b)
Failed to load shader (instanceID 12318, GUID 24f9f312f97bd48dba1a728d58c89842)
Failed to load shader (instanceID 12320, GUID e7857e9d0c934dc4f83f270f8447b006)
Failed to load shader (instanceID 12322, GUID ee7e4c9a5f6364b688a332c67fc32cca)
Failed to load shader (instanceID 12324, GUID de02b375720b5c445afe83cd483bedf3)
Failed to load shader (instanceID 12326, GUID 33cb4e8ff0c1d43ac8ec40692656c7ed)
Failed to load shader (instanceID 12328, GUID e8b802ac01d87144b91f12f40c1f2659)
Failed to load shader (instanceID 12330, GUID 36e335017ad71d54fbb10842863188ae)
Failed to load shader (instanceID 12332, GUID 50b406436c6214c49aaaa6011b71dde8)
Failed to load shader (instanceID 12334, GUID ce09d4a80b88c5a4eb9768fab4f1ee00)
Failed to load shader (instanceID 12336, GUID 13c02b14c4d048fa9653293d54f6e0e1)
Failed to load shader (instanceID 12338, GUID 4386e57b23a56004c93e1d57d2bbcb4f)
Failed to load shader (instanceID 12340, GUID c7d04ca57e5449d49ad9cee1c604bc26)
Failed to load shader (instanceID 12342, GUID 0ca6dca7396eb48e5849247ffd444914)
Failed to load shader (instanceID 12344, GUID cf852408f2e174538bcd9b7fda1c5ae7)
Failed to load shader (instanceID 12346, GUID f056d8bd2a1c7e44e9729144b4c70395)
Failed to load shader (instanceID 12348, GUID 0406db5a14f94604a8c57ccfbc9f3b46)
Failed to load shader (instanceID 12350, GUID 0849e84e3d62649e8882e9d6f056a017)
Failed to load shader (instanceID 12352, GUID 5ec81c81908db34429b4f6ddecadd3bd)
Failed to load shader (instanceID 12354, GUID 6f37d9e45fbae41b386f76d3bfefec4a)
Failed to load shader (instanceID 12356, GUID c17132b1f77d20942aa75f8429c0f8bc)
Failed to load shader (instanceID 12358, GUID c56b7e0d4c7cb484e959caeeedae9bbf)
Failed to load shader (instanceID 12360, GUID 7b3ede40266cd49a395def176e1bc486)
Failed to load shader (instanceID 12362, GUID a15b78cf8ca26ca4fb2090293153c62c)
Failed to load shader (instanceID 12364, GUID c26db15b9a2ed4b2ebefefd26ce85ae1)
Failed to load shader (instanceID 12366, GUID e507fdfead5ca47e8b9a768b51c291a1)
Failed to load shader (instanceID 12368, GUID 933532a4fcc9baf4fa0491de14d08ed7)
Failed to load shader (instanceID 12370, GUID 5f1864addb451f54bae8c86d230f736e)
Failed to load shader (instanceID 12372, GUID 8516d7a69675844a7a0b7095af7c46af)
Failed to load shader (instanceID 12374, GUID 5e7134d6e63e0bc47a1dd2669cedb379)
Failed to load shader (instanceID 12376, GUID d5a307c014552314b9f560906d708772)
Failed to load shader (instanceID 12378, GUID 8fbe92a9edfe6074e841d6dd1509bc59)
Failed to load shader (instanceID 12380, GUID 4b9f3440d48c2f04c9c388365e070864)
Failed to load shader (instanceID 12382, GUID 65df88701913c224d95fc554db28381a)
Failed to load shader (instanceID 12384, GUID 650dd9526735d5b46b79224bc6e94025)
Failed to load shader (instanceID 12386, GUID 2aed67ad60045d54ba3a00c91e2d2631)
Failed to load shader (instanceID 12388, GUID 1121bb4e615ca3c48b214e79e841e823)
Failed to load shader (instanceID 12390, GUID 5caf62d8bd7c44596ace77ef9eb8ea31)
Failed to load shader (instanceID 12392, GUID e9155b26e1bc55942a41e518703fe304)
Failed to load shader (instanceID 12394, GUID 4300ae919783d4fa38001d745fbdecc1)
Failed to load shader (instanceID 12396, GUID f6783ab646d374f94b199774402a5144)
Failed to load shader (instanceID 12398, GUID 19dfbb09098c9584a83c956fbd6c5d79)
Failed to load shader (instanceID 12400, GUID 35e778fba8b2b49a198d8d7cfced67eb)
Failed to load shader (instanceID 12402, GUID cfa7edf01005f4e338d973cea2f6eab3)
Failed to load shader (instanceID 12404, GUID 8d2bb70cbf9db8d4da26e15b26e74248)
Failed to load shader (instanceID 12406, GUID a07688e921e974338945464731e069ce)
Failed to load shader (instanceID 12408, GUID 86212504c7e9f468db2300dc5932dc17)
Failed to load shader (instanceID 12410, GUID 69c1f799e772cb6438f56c23efccb782)
Failed to load shader (instanceID 12412, GUID 1fd883d610b2f42a98fc7abaf6809430)
Failed to load shader (instanceID 12414, GUID 93446b5c5339d4f00b85c159e1159b7c)
Failed to load shader (instanceID 12416, GUID 5fd9a8feb75a4b5894c241777f519d4e)
Failed to load shader (instanceID 12418, GUID da07703fcc09f8d4799221050659bd55)
Failed to load shader (instanceID 12420, GUID 2df96b66b5510f94b98df2ac6f926ef4)
Failed to load shader (instanceID 12422, GUID 209f4c3496c1b46a3a2f9f0f27be788f)
Failed to load shader (instanceID 12424, GUID 61e53729ad706d049b12a441f328fe34)
Failed to load shader (instanceID 12426, GUID e35a31e1679aeff489e202f5cc4853d5)
Failed to load shader (instanceID 12428, GUID 29868e73b638e48ca99a19ea58c48d90)
Failed to load shader (instanceID 12430, GUID 04b5dda5f278e4f56a9dbda64d90bb95)
Failed to load shader (instanceID 12432, GUID 6cda457ac28612740adb23da5d39ea92)
Failed to load shader (instanceID 12434, GUID e39bd598ce13f44ba8af997d3e42cd18)
Failed to load shader (instanceID 12436, GUID 131f1b93a4ebd459ba87b6bad055fb33)
Failed to load shader (instanceID 12438, GUID b7839dad95683814aa64166edc107ae2)
Failed to load shader (instanceID 12440, GUID d79e1c784eaf80c4585c0be7391f757a)
Failed to load shader (instanceID 12442, GUID 44fc62292b65ab04eabcf310e799ccf6)
Failed to load shader (instanceID 12444, GUID e8c3a1662a88140ae84d69a3a4cfdbaa)
Failed to load shader (instanceID 12446, GUID 562b7ae4f629f144aa97780546fce7c6)
Failed to load shader (instanceID 12448, GUID e260cfa7296ee7642b167f1eb5be5023)
Failed to load shader (instanceID 12450, GUID 1edcd131364091c46a17cbff0b1de97a)
Failed to load shader (instanceID 12452, GUID 95e15a77195eb574ab82aaac18b1c796)
Failed to load shader (instanceID 12454, GUID 77774d9009bb81447b048c907d4c6273)
Failed to load shader (instanceID 12456, GUID 99134b1f0c27d54469a840832a28fadf)
Failed to load shader (instanceID 12458, GUID 7f888aff2ac86494babad1c2c5daeee2)
Failed to load shader (instanceID 12460, GUID 63eaba0ebfb82cc43bde059b4a8c65f6)
Failed to load shader (instanceID 12462, GUID 60e10855641b4d84da68ec72e6f6eeb8)
Failed to load shader (instanceID 12464, GUID 0f854b35a0cf61a429bd5dcfea30eddd)
Failed to load shader (instanceID 12466, GUID c49e63ed1bbcb334780a3bd19dfed403)
Failed to load shader (instanceID 12468, GUID a89bee29cffa951418fc1e2da94d1959)
Failed to load shader (instanceID 12470, GUID 7e60080c8cd24a2468cb08b4bfee5606)
Failed to load shader (instanceID 12472, GUID 25b8a80cb03994c769145599929a5e97)
Launched and connected shader compiler UnityShaderCompiler.exe after 0.07 seconds
Refreshing native plugins compatible for Editor in 7.40 ms, found 3 plugins.
Preloading 0 native plugins for Editor in 0.00 ms.
Unloading 3157 Unused Serialized files (Serialized files now loaded: 0)
Unloading 39 unused Assets / (121.0 KB). Loaded Objects now: 3620.
Memory consumption went from 139.9 MB to 139.7 MB.
Total: 7.592700 ms (FindLiveObjects: 0.552300 ms CreateObjectMapping: 0.317100 ms MarkObjects: 5.504100 ms  DeleteObjects: 1.217800 ms)

AssetImportParameters requested are different than current active one (requested -> active):
  custom:container-demuxer-ogg: 62fdf1f143b41e24485cea50d1cbac27 -> 
  custom:video-codec-MediaFoundation-h265: 746d11721c4dcdbdad8f713fa42b33f4 -> 
  custom:video-decoder-ogg-theora: a1e56fd34408186e4bbccfd4996cb3dc -> 
  custom:framework-win-MediaFoundation: 216162199b28c13a410421893ffa2e32 -> 
  custom:CustomObjectIndexerAttribute: 62b5816608c3102f162a1797e29626cf -> 
  custom:container-demuxer-webm: 4f35f7cbe854078d1ac9338744f61a02 -> 
  custom:container-muxer-webm: aa71ff27fc2769a1b78a27578f13a17b -> 
  custom:video-decoder-webm-vp8: 9c59270c3fd7afecdb556c50c9e8de78 -> 
  custom:SearchIndexIgnoredProperties: e643bd26f0fe6173181afceb89e7c659 -> 
  custom:AudioImporter_EditorPlatform: d09bf68614088b80899f8185d706f6e7 -> 
  custom:video-encoder-webm-vp8: eb34c28f22e8b96e1ab97ce403110664 -> 
  custom:audio-decoder-ogg-vorbis: bf7c407c2cedff20999df2af8eb42d56 -> 
  custom:audio-encoder-webm-vorbis: bf7c407c2cedff20999df2af8eb42d56 -> 
========================================================================
Received Import Request.
  Time since last request: 63539.307914 seconds.
  path: Assets/AssTesting/Assets/3Dfrk/Frames with pictures/Materials/Paint_06.mat
  artifactKey: Guid(ddc8c45e4ad44ac4b97855d23d3ecdd2) Importer(815301076,1909f56bfc062723c751e8b465ee728b)
Start importing Assets/AssTesting/Assets/3Dfrk/Frames with pictures/Materials/Paint_06.mat using Guid(ddc8c45e4ad44ac4b97855d23d3ecdd2) Importer(815301076,1909f56bfc062723c751e8b465ee728b)  -> (artifact id: '0c0d47ce09f56936001cdb632b928047') in 0.171943 seconds
Number of updated asset objects reloaded before import = 0
Number of asset objects unloaded after import = 2
========================================================================
Received Import Request.
  Time since last request: 0.000065 seconds.
  path: Assets/AssTesting/Assets/3Dfrk/Frames with pictures/Materials/Paint_07.mat
  artifactKey: Guid(66b8d2bec15e0104b999d5c7dfb45fdc) Importer(815301076,1909f56bfc062723c751e8b465ee728b)
Start importing Assets/AssTesting/Assets/3Dfrk/Frames with pictures/Materials/Paint_07.mat using Guid(66b8d2bec15e0104b999d5c7dfb45fdc) Importer(815301076,1909f56bfc062723c751e8b465ee728b)  -> (artifact id: '3fd8ed6d7d47458d725bcbd7d794d849') in 0.021203 seconds
Number of updated asset objects reloaded before import = 0
Number of asset objects unloaded after import = 2
========================================================================
Received Import Request.
  Time since last request: 0.000043 seconds.
  path: Assets/AssTesting/Assets/3Dfrk/Frames with pictures/Materials/Paint_05.mat
  artifactKey: Guid(8125ef854c31e6447b60f45d7262f058) Importer(815301076,1909f56bfc062723c751e8b465ee728b)
Start importing Assets/AssTesting/Assets/3Dfrk/Frames with pictures/Materials/Paint_05.mat using Guid(8125ef854c31e6447b60f45d7262f058) Importer(815301076,1909f56bfc062723c751e8b465ee728b)  -> (artifact id: 'f34d9f8f5ae15a2933b2d36bf0587eaf') in 0.022967 seconds
Number of updated asset objects reloaded before import = 0
Number of asset objects unloaded after import = 2
========================================================================
Received Import Request.
  Time since last request: 4.289264 seconds.
  path: Assets/AssTesting/Assets/3Dfrk/Frames with pictures/Meshes/Paint.FBX
  artifactKey: Guid(7ea765cb44447094ab0aef02257cb821) Importer(815301076,1909f56bfc062723c751e8b465ee728b)
Start importing Assets/AssTesting/Assets/3Dfrk/Frames with pictures/Meshes/Paint.FBX using Guid(7ea765cb44447094ab0aef02257cb821) Importer(815301076,1909f56bfc062723c751e8b465ee728b)  -> (artifact id: '9a0b5d23f460d750ca7d6158d7483ea9') in 0.069667 seconds
Number of updated asset objects reloaded before import = 0
Number of asset objects unloaded after import = 7
========================================================================
Received Import Request.
  Time since last request: 54.286715 seconds.
  path: Assets/AssTesting/Assets/3Dfrk/Frames with pictures/Textures/Paint_01.png
  artifactKey: Guid(9660de3cf62147f45b25e22b6ab97ae2) Importer(815301076,1909f56bfc062723c751e8b465ee728b)
Start importing Assets/AssTesting/Assets/3Dfrk/Frames with pictures/Textures/Paint_01.png using Guid(9660de3cf62147f45b25e22b6ab97ae2) Importer(815301076,1909f56bfc062723c751e8b465ee728b)  -> (artifact id: '72893339ca55eb1b0856b61e6d3b44c4') in 0.037008 seconds
Number of updated asset objects reloaded before import = 0
Number of asset objects unloaded after import = 2
========================================================================
Received Import Request.
  Time since last request: 0.000027 seconds.
  path: Assets/AssTesting/Assets/3Dfrk/Frames with pictures/Textures/Paint_06.png
  artifactKey: Guid(70d022ad94241a94086f65ba40287e3f) Importer(815301076,1909f56bfc062723c751e8b465ee728b)
Start importing Assets/AssTesting/Assets/3Dfrk/Frames with pictures/Textures/Paint_06.png using Guid(70d022ad94241a94086f65ba40287e3f) Importer(815301076,1909f56bfc062723c751e8b465ee728b)  -> (artifact id: '9dd6e0a3741d262c139870b4a09ca940') in 0.025130 seconds
Number of updated asset objects reloaded before import = 0
Number of asset objects unloaded after import = 2
========================================================================
Received Import Request.
  Time since last request: 0.000018 seconds.
  path: Assets/AssTesting/Assets/3Dfrk/Frames with pictures/Textures/Paint_10.png
  artifactKey: Guid(19fe3c7d3d5fd664a94be865633843e2) Importer(815301076,1909f56bfc062723c751e8b465ee728b)
Start importing Assets/AssTesting/Assets/3Dfrk/Frames with pictures/Textures/Paint_10.png using Guid(19fe3c7d3d5fd664a94be865633843e2) Importer(815301076,1909f56bfc062723c751e8b465ee728b)  -> (artifact id: '932e7b365c097ffbc50e57b8307529f1') in 0.021367 seconds
Number of updated asset objects reloaded before import = 0
Number of asset objects unloaded after import = 2
========================================================================
Received Import Request.
  Time since last request: 0.000025 seconds.
  path: Assets/AssTesting/Assets/3Dfrk/Frames with pictures/Textures/Paint_05.png
  artifactKey: Guid(6608acc403b8e3046ad4c37b1ef48fd0) Importer(815301076,1909f56bfc062723c751e8b465ee728b)
Start importing Assets/AssTesting/Assets/3Dfrk/Frames with pictures/Textures/Paint_05.png using Guid(6608acc403b8e3046ad4c37b1ef48fd0) Importer(815301076,1909f56bfc062723c751e8b465ee728b)  -> (artifact id: '27ffd559fbee992916a6ab4d7b3c7172') in 0.030741 seconds
Number of updated asset objects reloaded before import = 0
Number of asset objects unloaded after import = 2
========================================================================
Received Import Request.
  Time since last request: 0.000023 seconds.
  path: Assets/AssTesting/Assets/3Dfrk/Frames with pictures/Textures/Paint_03.png
  artifactKey: Guid(2755801e92becb945bd57b5cbf77482b) Importer(815301076,1909f56bfc062723c751e8b465ee728b)
Start importing Assets/AssTesting/Assets/3Dfrk/Frames with pictures/Textures/Paint_03.png using Guid(2755801e92becb945bd57b5cbf77482b) Importer(815301076,1909f56bfc062723c751e8b465ee728b)  -> (artifact id: '587277275b1bc20cc281303455cd5fe6') in 0.019184 seconds
Number of updated asset objects reloaded before import = 0
Number of asset objects unloaded after import = 2
========================================================================
Received Import Request.
  Time since last request: 34.649239 seconds.
  path: Assets/AssTesting/Assets/Danbocchi/Models/danbocchi-v6stl_m2-lowply_joint.fbx
  artifactKey: Guid(0ab46c3de327b9640903e66986eb32c3) Importer(815301076,1909f56bfc062723c751e8b465ee728b)
Start importing Assets/AssTesting/Assets/Danbocchi/Models/danbocchi-v6stl_m2-lowply_joint.fbx using Guid(0ab46c3de327b9640903e66986eb32c3) Importer(815301076,1909f56bfc062723c751e8b465ee728b)  -> (artifact id: '342921ec402f56476de7e6d80a8aa23e') in 0.255970 seconds
Number of updated asset objects reloaded before import = 0
Number of asset objects unloaded after import = 72
========================================================================
Received Import Request.
  Time since last request: 0.000029 seconds.
  path: Assets/AssTesting/Assets/Danbocchi/Models/danbocchi_grande-v6stl_m2-lowply_joint.fbx
  artifactKey: Guid(102c96fd5ccfd6c42b4ff87d4875c4b1) Importer(815301076,1909f56bfc062723c751e8b465ee728b)
Start importing Assets/AssTesting/Assets/Danbocchi/Models/danbocchi_grande-v6stl_m2-lowply_joint.fbx using Guid(102c96fd5ccfd6c42b4ff87d4875c4b1) Importer(815301076,1909f56bfc062723c751e8b465ee728b)  -> (artifact id: '338e30fa2037555896435dec221bcbfe') in 0.219899 seconds
Number of updated asset objects reloaded before import = 0
Number of asset objects unloaded after import = 73
========================================================================
Received Import Request.
  Time since last request: 0.000023 seconds.
  path: Assets/AssTesting/Assets/Danbocchi/Models/danbocchi_wide-v6stl_m2-lowply_joint.fbx
  artifactKey: Guid(cb51c198b3db91f45bf3e26e56f20739) Importer(815301076,1909f56bfc062723c751e8b465ee728b)
Start importing Assets/AssTesting/Assets/Danbocchi/Models/danbocchi_wide-v6stl_m2-lowply_joint.fbx using Guid(cb51c198b3db91f45bf3e26e56f20739) Importer(815301076,1909f56bfc062723c751e8b465ee728b)  -> (artifact id: '7856e6befb911af9c5edd76e750a62c6') in 0.235000 seconds
Number of updated asset objects reloaded before import = 0
Number of asset objects unloaded after import = 73
========================================================================
Received Import Request.
  Time since last request: 0.000032 seconds.
  path: Assets/AssTesting/Assets/Danbocchi/Models/danbocchi_tall-v6stl_m2-lowply_joint_mobile.fbx
  artifactKey: Guid(6d0878f1863fd0449840d01b797d44d5) Importer(815301076,1909f56bfc062723c751e8b465ee728b)
Start importing Assets/AssTesting/Assets/Danbocchi/Models/danbocchi_tall-v6stl_m2-lowply_joint_mobile.fbx using Guid(6d0878f1863fd0449840d01b797d44d5) Importer(815301076,1909f56bfc062723c751e8b465ee728b)  -> (artifact id: '860bb58ef2f5aa2df2bb408912867efc') in 0.202475 seconds
Number of updated asset objects reloaded before import = 0
Number of asset objects unloaded after import = 67
========================================================================
Received Import Request.
  Time since last request: 103.528299 seconds.
  path: Assets/AssTesting/Assets/Materials/standardSurface1.mat
  artifactKey: Guid(93e08fc697d633e4a82860962a3c9b2e) Importer(815301076,1909f56bfc062723c751e8b465ee728b)
Start importing Assets/AssTesting/Assets/Materials/standardSurface1.mat using Guid(93e08fc697d633e4a82860962a3c9b2e) Importer(815301076,1909f56bfc062723c751e8b465ee728b)  -> (artifact id: '65a844d5a4f44b7c9a7049c61b22ce89') in 0.010768 seconds
Number of updated asset objects reloaded before import = 0
Number of asset objects unloaded after import = 1
========================================================================
Received Import Request.
  Time since last request: 4.253292 seconds.
  path: Assets/AssTesting/Assets/ModularHousePack1/Prefabs/Houses/House1.prefab
  artifactKey: Guid(2f31c755d56a1f04c99079c171333c33) Importer(815301076,1909f56bfc062723c751e8b465ee728b)
Start importing Assets/AssTesting/Assets/ModularHousePack1/Prefabs/Houses/House1.prefab using Guid(2f31c755d56a1f04c99079c171333c33) Importer(815301076,1909f56bfc062723c751e8b465ee728b)  -> (artifact id: '7e6174149c5df94ea7aa34f7a6c60397') in 0.448153 seconds
Number of updated asset objects reloaded before import = 0
Number of asset objects unloaded after import = 4304
========================================================================
Received Import Request.
  Time since last request: 0.000035 seconds.
  path: Assets/AssTesting/Assets/ModularHousePack1/Prefabs/Houses/House3.prefab
  artifactKey: Guid(55857842395940243a77c973d86163c0) Importer(815301076,1909f56bfc062723c751e8b465ee728b)
Start importing Assets/AssTesting/Assets/ModularHousePack1/Prefabs/Houses/House3.prefab using Guid(55857842395940243a77c973d86163c0) Importer(815301076,1909f56bfc062723c751e8b465ee728b)  -> (artifact id: '6a54b240713191f4fab7ab84f28b4736') in 0.418675 seconds
Number of updated asset objects reloaded before import = 0
Number of asset objects unloaded after import = 5397
========================================================================
Received Import Request.
  Time since last request: 0.000041 seconds.
  path: Assets/AssTesting/Assets/ModularHousePack1/Prefabs/Houses/House4.prefab
  artifactKey: Guid(4777a8928b5c97d4598964909c8a1223) Importer(815301076,1909f56bfc062723c751e8b465ee728b)
Start importing Assets/AssTesting/Assets/ModularHousePack1/Prefabs/Houses/House4.prefab using Guid(4777a8928b5c97d4598964909c8a1223) Importer(815301076,1909f56bfc062723c751e8b465ee728b)  -> (artifact id: '0f984bd5c612456e5a8cec8f2edb32ab') in 0.395662 seconds
Number of updated asset objects reloaded before import = 0
Number of asset objects unloaded after import = 7960
========================================================================
Received Import Request.
  Time since last request: 0.000033 seconds.
  path: Assets/AssTesting/Assets/ModularHousePack1/Prefabs/Houses/House8.prefab
  artifactKey: Guid(71adca0decb8bcc49aacf03ce0eba097) Importer(815301076,1909f56bfc062723c751e8b465ee728b)
Start importing Assets/AssTesting/Assets/ModularHousePack1/Prefabs/Houses/House8.prefab using Guid(71adca0decb8bcc49aacf03ce0eba097) Importer(815301076,1909f56bfc062723c751e8b465ee728b)  -> (artifact id: '0c776ba1e073e791348aa43aaf12dad3') in 0.366743 seconds
Number of updated asset objects reloaded before import = 0
Number of asset objects unloaded after import = 8305
========================================================================
Received Import Request.
  Time since last request: 7.154591 seconds.
  path: Assets/AssTesting/Assets/nappin/House Props Softpack/Models/(Msh)Mirror2.fbx
  artifactKey: Guid(f3697af9ddb621b47b5c7994a053edc9) Importer(815301076,1909f56bfc062723c751e8b465ee728b)
Start importing Assets/AssTesting/Assets/nappin/House Props Softpack/Models/(Msh)Mirror2.fbx using Guid(f3697af9ddb621b47b5c7994a053edc9) Importer(815301076,1909f56bfc062723c751e8b465ee728b)  -> (artifact id: 'cf85d0ce6092704c9bd50c81be9fb4d3') in 0.019703 seconds
Number of updated asset objects reloaded before import = 0
Number of asset objects unloaded after import = 9
========================================================================
Received Import Request.
  Time since last request: 0.000030 seconds.
  path: Assets/AssTesting/Assets/nappin/House Props Softpack/Models/(Msh)ShowerTemperature.fbx
  artifactKey: Guid(5043caea250d7824c9f6317c686ce9cd) Importer(815301076,1909f56bfc062723c751e8b465ee728b)
Start importing Assets/AssTesting/Assets/nappin/House Props Softpack/Models/(Msh)ShowerTemperature.fbx using Guid(5043caea250d7824c9f6317c686ce9cd) Importer(815301076,1909f56bfc062723c751e8b465ee728b)  -> (artifact id: 'e5f5cff59469d2ebc9dd04bb10aab0f6') in 0.028062 seconds
Number of updated asset objects reloaded before import = 0
Number of asset objects unloaded after import = 9
========================================================================
Received Import Request.
  Time since last request: 0.000015 seconds.
  path: Assets/AssTesting/Assets/nappin/House Props Softpack/Models/(Msh)RoomLight.fbx
  artifactKey: Guid(f779ad5ed13261240a5e95f8ec32037c) Importer(815301076,1909f56bfc062723c751e8b465ee728b)
Start importing Assets/AssTesting/Assets/nappin/House Props Softpack/Models/(Msh)RoomLight.fbx using Guid(f779ad5ed13261240a5e95f8ec32037c) Importer(815301076,1909f56bfc062723c751e8b465ee728b)  -> (artifact id: '972b9efae49b234f2e2714b471418f21') in 0.023784 seconds
Number of updated asset objects reloaded before import = 0
Number of asset objects unloaded after import = 9
========================================================================
Received Import Request.
  Time since last request: 0.000021 seconds.
  path: Assets/AssTesting/Assets/nappin/House Props Softpack/Models/(Msh)Shelf1.fbx
  artifactKey: Guid(fac50d2fa8985ae41ac8cff5fb87823b) Importer(815301076,1909f56bfc062723c751e8b465ee728b)
Start importing Assets/AssTesting/Assets/nappin/House Props Softpack/Models/(Msh)Shelf1.fbx using Guid(fac50d2fa8985ae41ac8cff5fb87823b) Importer(815301076,1909f56bfc062723c751e8b465ee728b)  -> (artifact id: '727bc195e9b129ff024694caf9fcf05e') in 0.020063 seconds
Number of updated asset objects reloaded before import = 0
Number of asset objects unloaded after import = 9
========================================================================
Received Import Request.
  Time since last request: 0.000032 seconds.
  path: Assets/AssTesting/Assets/nappin/House Props Softpack/Models/(Msh)ShoeRack.fbx
  artifactKey: Guid(9125ce88ab24cae46b1bbf17a45a17d9) Importer(815301076,1909f56bfc062723c751e8b465ee728b)
Start importing Assets/AssTesting/Assets/nappin/House Props Softpack/Models/(Msh)ShoeRack.fbx using Guid(9125ce88ab24cae46b1bbf17a45a17d9) Importer(815301076,1909f56bfc062723c751e8b465ee728b)  -> (artifact id: 'b9b79ece8ef1db639356e0b6421785b6') in 0.019303 seconds
Number of updated asset objects reloaded before import = 0
Number of asset objects unloaded after import = 9
========================================================================
Received Import Request.
  Time since last request: 0.000035 seconds.
  path: Assets/AssTesting/Assets/nappin/House Props Softpack/Models/(Msh)SingleBed.fbx
  artifactKey: Guid(8c9ff27c4343b5e41b0c944eb72ca800) Importer(815301076,1909f56bfc062723c751e8b465ee728b)
Start importing Assets/AssTesting/Assets/nappin/House Props Softpack/Models/(Msh)SingleBed.fbx using Guid(8c9ff27c4343b5e41b0c944eb72ca800) Importer(815301076,1909f56bfc062723c751e8b465ee728b)  -> (artifact id: '9eb5f2ff2de5fe4ad3c518e2fa632127') in 0.079702 seconds
Number of updated asset objects reloaded before import = 0
Number of asset objects unloaded after import = 41
========================================================================
Received Import Request.
  Time since last request: 0.251054 seconds.
  path: Assets/AssTesting/Assets/nappin/House Props Softpack/Models/(Msh)Sofa.fbx
  artifactKey: Guid(7c11c43002c7a274894af728c82a6df8) Importer(815301076,1909f56bfc062723c751e8b465ee728b)
Start importing Assets/AssTesting/Assets/nappin/House Props Softpack/Models/(Msh)Sofa.fbx using Guid(7c11c43002c7a274894af728c82a6df8) Importer(815301076,1909f56bfc062723c751e8b465ee728b)  -> (artifact id: 'd5eb06c9669129d0ff4473fe45e3cb44') in 0.060909 seconds
Number of updated asset objects reloaded before import = 0
Number of asset objects unloaded after import = 41
========================================================================
Received Import Request.
  Time since last request: 0.000018 seconds.
  path: Assets/AssTesting/Assets/nappin/House Props Softpack/Models/(Msh)Toilet.fbx
  artifactKey: Guid(46684b3b7bc48e044ab454f422491fe4) Importer(815301076,1909f56bfc062723c751e8b465ee728b)
Start importing Assets/AssTesting/Assets/nappin/House Props Softpack/Models/(Msh)Toilet.fbx using Guid(46684b3b7bc48e044ab454f422491fe4) Importer(815301076,1909f56bfc062723c751e8b465ee728b)  -> (artifact id: 'be02645a195309f4ca198fa171262e9f') in 0.031553 seconds
Number of updated asset objects reloaded before import = 0
Number of asset objects unloaded after import = 21
========================================================================
Received Import Request.
  Time since last request: 0.000020 seconds.
  path: Assets/AssTesting/Assets/nappin/House Props Softpack/Models/(Msh)WaterGarden.fbx
  artifactKey: Guid(87d798b5c4a4eb441a17b3fae3ffc212) Importer(815301076,1909f56bfc062723c751e8b465ee728b)
Start importing Assets/AssTesting/Assets/nappin/House Props Softpack/Models/(Msh)WaterGarden.fbx using Guid(87d798b5c4a4eb441a17b3fae3ffc212) Importer(815301076,1909f56bfc062723c751e8b465ee728b)  -> (artifact id: '510fd96383629692bfd1c6c60abe5333') in 0.031603 seconds
Number of updated asset objects reloaded before import = 0
Number of asset objects unloaded after import = 16
========================================================================
Received Import Request.
  Time since last request: 0.000028 seconds.
  path: Assets/AssTesting/Assets/nappin/House Props Softpack/Models/(Msh)Stove.fbx
  artifactKey: Guid(228ce19000934a742bbd1958f0fa1cac) Importer(815301076,1909f56bfc062723c751e8b465ee728b)
Start importing Assets/AssTesting/Assets/nappin/House Props Softpack/Models/(Msh)Stove.fbx using Guid(228ce19000934a742bbd1958f0fa1cac) Importer(815301076,1909f56bfc062723c751e8b465ee728b)  -> (artifact id: 'fc619be37bc662a046ea0e9c7fe0d085') in 0.068239 seconds
Number of updated asset objects reloaded before import = 0
Number of asset objects unloaded after import = 26
========================================================================
Received Import Request.
  Time since last request: 18.840907 seconds.
  path: Assets/FPS/Prefabs/Player.prefab
  artifactKey: Guid(761cdc9e4e883334cbdcea062d0befa7) Importer(815301076,1909f56bfc062723c751e8b465ee728b)
Start importing Assets/FPS/Prefabs/Player.prefab using Guid(761cdc9e4e883334cbdcea062d0befa7) Importer(815301076,1909f56bfc062723c751e8b465ee728b)  -> (artifact id: '34ae917a0ead44e603203d4ac964e8db') in 0.018480 seconds
Number of updated asset objects reloaded before import = 0
Number of asset objects unloaded after import = 44
