Using pre-set license
Built from '2022.3/release' branch; Version is '2022.3.20f1 (61c2feb0970d) revision 6406910'; Using compiler version '192829333'; Build Type 'Release'
OS: 'Windows 11  (10.0.22631) 64bit Core' Language: 'it' Physical Memory: 7968 MB
BatchMode: 1, IsHumanControllingUs: 0, StartBugReporterOnCrash: 0, Is64bit: 1, IsPro: 1

COMMAND LINE ARGUMENTS:
C:\Program Files\Unity\Hub\Editor\2022.3.20f1\Editor\Unity.exe
-adb2
-batchMode
-noUpm
-name
AssetImportWorker1
-projectPath
C:/UNITY_PROJECTS/GD1_GiocoDiGruppo/PowerGirlFeatHombreYaoi
-logFile
Logs/AssetImportWorker1.log
-srvPort
59623
Successfully changed project path to: C:/UNITY_PROJECTS/GD1_GiocoDiGruppo/PowerGirlFeatHombreYaoi
C:/UNITY_PROJECTS/GD1_GiocoDiGruppo/PowerGirlFeatHombreYaoi
[UnityMemory] Configuration Parameters - Can be set up in boot.config
    "memorysetup-bucket-allocator-granularity=16"
    "memorysetup-bucket-allocator-bucket-count=8"
    "memorysetup-bucket-allocator-block-size=33554432"
    "memorysetup-bucket-allocator-block-count=8"
    "memorysetup-main-allocator-block-size=16777216"
    "memorysetup-thread-allocator-block-size=16777216"
    "memorysetup-gfx-main-allocator-block-size=16777216"
    "memorysetup-gfx-thread-allocator-block-size=16777216"
    "memorysetup-cache-allocator-block-size=4194304"
    "memorysetup-typetree-allocator-block-size=2097152"
    "memorysetup-profiler-bucket-allocator-granularity=16"
    "memorysetup-profiler-bucket-allocator-bucket-count=8"
    "memorysetup-profiler-bucket-allocator-block-size=33554432"
    "memorysetup-profiler-bucket-allocator-block-count=8"
    "memorysetup-profiler-allocator-block-size=16777216"
    "memorysetup-profiler-editor-allocator-block-size=1048576"
    "memorysetup-temp-allocator-size-main=16777216"
    "memorysetup-job-temp-allocator-block-size=2097152"
    "memorysetup-job-temp-allocator-block-size-background=1048576"
    "memorysetup-job-temp-allocator-reduction-small-platforms=262144"
    "memorysetup-allocator-temp-initial-block-size-main=262144"
    "memorysetup-allocator-temp-initial-block-size-worker=262144"
    "memorysetup-temp-allocator-size-background-worker=32768"
    "memorysetup-temp-allocator-size-job-worker=262144"
    "memorysetup-temp-allocator-size-preload-manager=33554432"
    "memorysetup-temp-allocator-size-nav-mesh-worker=65536"
    "memorysetup-temp-allocator-size-audio-worker=65536"
    "memorysetup-temp-allocator-size-cloud-worker=32768"
    "memorysetup-temp-allocator-size-gi-baking-worker=262144"
    "memorysetup-temp-allocator-size-gfx=262144"
Player connection [11948] Host "[IP] 192.168.178.56 [Port] 0 [Flags] 2 [Guid] 2176097730 [EditorId] 2176097730 [Version] 1048832 [Id] WindowsEditor(7,LAPTOP-C4HSBGVU) [Debug] 1 [PackageName] WindowsEditor [ProjectName] Editor" joined multi-casting on [225.0.0.222:54997]...

Player connection [11948] Host "[IP] 192.168.178.56 [Port] 0 [Flags] 2 [Guid] 2176097730 [EditorId] 2176097730 [Version] 1048832 [Id] WindowsEditor(7,LAPTOP-C4HSBGVU) [Debug] 1 [PackageName] WindowsEditor [ProjectName] Editor" joined alternative multi-casting on [225.0.0.222:34997]...

[Physics::Module] Initialized MultithreadedJobDispatcher with 7 workers.
Refreshing native plugins compatible for Editor in 29.21 ms, found 3 plugins.
Preloading 0 native plugins for Editor in 0.00 ms.
Initialize engine version: 2022.3.20f1 (61c2feb0970d)
[Subsystems] Discovering subsystems at path C:/Program Files/Unity/Hub/Editor/2022.3.20f1/Editor/Data/Resources/UnitySubsystems
[Subsystems] Discovering subsystems at path C:/UNITY_PROJECTS/GD1_GiocoDiGruppo/PowerGirlFeatHombreYaoi/Assets
GfxDevice: creating device client; threaded=0; jobified=0
Direct3D:
    Version:  Direct3D 11.0 [level 11.1]
    Renderer: NVIDIA GeForce GTX 1660 Ti with Max-Q Design (ID=0x2191)
    Vendor:   NVIDIA
    VRAM:     5979 MB
    Driver:   31.0.15.4626
Initialize mono
Mono path[0] = 'C:/Program Files/Unity/Hub/Editor/2022.3.20f1/Editor/Data/Managed'
Mono path[1] = 'C:/Program Files/Unity/Hub/Editor/2022.3.20f1/Editor/Data/MonoBleedingEdge/lib/mono/unityjit-win32'
Mono config path = 'C:/Program Files/Unity/Hub/Editor/2022.3.20f1/Editor/Data/MonoBleedingEdge/etc'
Using monoOptions --debugger-agent=transport=dt_socket,embedding=1,server=y,suspend=n,address=127.0.0.1:56788
Begin MonoManager ReloadAssembly
Registering precompiled unity dll's ...
Register platform support module: C:/Program Files/Unity/Hub/Editor/2022.3.20f1/Editor/Data/PlaybackEngines/WindowsStandaloneSupport/UnityEditor.WindowsStandalone.Extensions.dll
Registered in 0.013824 seconds.
- Loaded All Assemblies, in  0.528 seconds
Native extension for WindowsStandalone target not found
Mono: successfully reloaded assembly
- Finished resetting the current domain, in  0.401 seconds
Domain Reload Profiling: 925ms
	BeginReloadAssembly (179ms)
		ExecutionOrderSort (0ms)
		DisableScriptedObjects (0ms)
		BackupInstance (0ms)
		ReleaseScriptingObjects (0ms)
		CreateAndSetChildDomain (1ms)
	RebuildCommonClasses (46ms)
	RebuildNativeTypeToScriptingClass (15ms)
	initialDomainReloadingComplete (96ms)
	LoadAllAssembliesAndSetupDomain (189ms)
		LoadAssemblies (175ms)
		RebuildTransferFunctionScriptingTraits (0ms)
		AnalyzeDomain (186ms)
			TypeCache.Refresh (184ms)
				TypeCache.ScanAssembly (166ms)
			ScanForSourceGeneratedMonoScriptInfo (0ms)
			ResolveRequiredComponents (1ms)
	FinalizeReload (401ms)
		ReleaseScriptCaches (0ms)
		RebuildScriptCaches (0ms)
		SetupLoadedEditorAssemblies (319ms)
			LogAssemblyErrors (0ms)
			InitializePlatformSupportModulesInManaged (20ms)
			SetLoadedEditorAssemblies (12ms)
			RefreshPlugins (0ms)
			BeforeProcessingInitializeOnLoad (3ms)
			ProcessInitializeOnLoadAttributes (211ms)
			ProcessInitializeOnLoadMethodAttributes (72ms)
			AfterProcessingInitializeOnLoad (0ms)
			EditorAssembliesLoaded (0ms)
		ExecutionOrderSort2 (0ms)
		AwakeInstancesAfterBackupRestoration (0ms)
========================================================================
Worker process is ready to serve import requests
Begin MonoManager ReloadAssembly
- Loaded All Assemblies, in  2.057 seconds
Refreshing native plugins compatible for Editor in 12.79 ms, found 3 plugins.
Native extension for WindowsStandalone target not found
Package Manager log level set to [2]
[Package Manager] Server::EnsureServerProcessIsRunning -- launch failed, reason: Unity was launched with the -noUpm command-line argument
[Package Manager] UpmClient::Send -- Unable to send message (not connected to UPM process).
[Package Manager] Cannot connect to Unity Package Manager local server
Mono: successfully reloaded assembly
- Finished resetting the current domain, in  1.650 seconds
Domain Reload Profiling: 3701ms
	BeginReloadAssembly (223ms)
		ExecutionOrderSort (0ms)
		DisableScriptedObjects (8ms)
		BackupInstance (0ms)
		ReleaseScriptingObjects (0ms)
		CreateAndSetChildDomain (34ms)
	RebuildCommonClasses (60ms)
	RebuildNativeTypeToScriptingClass (16ms)
	initialDomainReloadingComplete (75ms)
	LoadAllAssembliesAndSetupDomain (1676ms)
		LoadAssemblies (1253ms)
		RebuildTransferFunctionScriptingTraits (0ms)
		AnalyzeDomain (553ms)
			TypeCache.Refresh (488ms)
				TypeCache.ScanAssembly (457ms)
			ScanForSourceGeneratedMonoScriptInfo (46ms)
			ResolveRequiredComponents (17ms)
	FinalizeReload (1651ms)
		ReleaseScriptCaches (0ms)
		RebuildScriptCaches (0ms)
		SetupLoadedEditorAssemblies (1369ms)
			LogAssemblyErrors (0ms)
			InitializePlatformSupportModulesInManaged (10ms)
			SetLoadedEditorAssemblies (7ms)
			RefreshPlugins (0ms)
			BeforeProcessingInitializeOnLoad (263ms)
			ProcessInitializeOnLoadAttributes (963ms)
			ProcessInitializeOnLoadMethodAttributes (109ms)
			AfterProcessingInitializeOnLoad (17ms)
			EditorAssembliesLoaded (0ms)
		ExecutionOrderSort2 (0ms)
		AwakeInstancesAfterBackupRestoration (9ms)
Failed to load shader (instanceID 12268, GUID c8b6a681c7b4e2e4785ffab093907f9e)
Failed to load shader (instanceID 12270, GUID 911130a939bf84843bcc4211c327f579)
Failed to load shader (instanceID 12272, GUID c84d57d423a2042eb92da86f9fa670a3)
Failed to load shader (instanceID 12274, GUID 0f4122b9a743b744abe2fb6a0a88868b)
Failed to load shader (instanceID 12276, GUID 0a7e590f3cf1d4ee8a8fab5b6eff09ef)
Failed to load shader (instanceID 12278, GUID 21322c8b137c66e49b86085d3c8161f6)
Failed to load shader (instanceID 12280, GUID 4293210a3280c4283b9872316017f1f9)
Failed to load shader (instanceID 12282, GUID d6dae50ee9e1bfa4db75f19f99355220)
Failed to load shader (instanceID 12284, GUID ec9fec698a3456d4fb18cf8bacb7a2bc)
Failed to load shader (instanceID 12286, GUID 573620ae32aec764abd4d728906d2587)
Failed to load shader (instanceID 12288, GUID 1ccecd9b89b8a4f14bfb64f29ddfcc81)
Failed to load shader (instanceID 12290, GUID 8ca8b34aa013842f3b399b6961e7dc3b)
Failed to load shader (instanceID 12292, GUID 74b1585886a85614aa34e2c8e303c77a)
Failed to load shader (instanceID 12294, GUID e8ee25143a34b8c4388709ea947055d1)
Failed to load shader (instanceID 12296, GUID 04c410c9937594faa893a11dceb85f7e)
Failed to load shader (instanceID 12298, GUID a16365e8c873daa4c94919438490b905)
Failed to load shader (instanceID 12300, GUID 4431b1f1f743fbf4eb310a967890cbea)
Failed to load shader (instanceID 12302, GUID 0d0f817524897904ba47a6a1d55e7668)
Failed to load shader (instanceID 12304, GUID 77cfa04f893eb8745b6a454a3d51b43c)
Failed to load shader (instanceID 12306, GUID e6e9a19c3678ded42a3bc431ebef7dbd)
Failed to load shader (instanceID 12308, GUID d6e5744ac426949ff8c0f02936689d4c)
Failed to load shader (instanceID 12310, GUID d104b2fc1ca6445babb8e90b0758136b)
Failed to load shader (instanceID 12312, GUID 24f9f312f97bd48dba1a728d58c89842)
Failed to load shader (instanceID 12314, GUID e7857e9d0c934dc4f83f270f8447b006)
Failed to load shader (instanceID 12316, GUID ee7e4c9a5f6364b688a332c67fc32cca)
Failed to load shader (instanceID 12318, GUID de02b375720b5c445afe83cd483bedf3)
Failed to load shader (instanceID 12320, GUID 33cb4e8ff0c1d43ac8ec40692656c7ed)
Failed to load shader (instanceID 12322, GUID e8b802ac01d87144b91f12f40c1f2659)
Failed to load shader (instanceID 12324, GUID 36e335017ad71d54fbb10842863188ae)
Failed to load shader (instanceID 12326, GUID 50b406436c6214c49aaaa6011b71dde8)
Failed to load shader (instanceID 12328, GUID ce09d4a80b88c5a4eb9768fab4f1ee00)
Failed to load shader (instanceID 12330, GUID 13c02b14c4d048fa9653293d54f6e0e1)
Failed to load shader (instanceID 12332, GUID 4386e57b23a56004c93e1d57d2bbcb4f)
Failed to load shader (instanceID 12334, GUID c7d04ca57e5449d49ad9cee1c604bc26)
Failed to load shader (instanceID 12336, GUID 0ca6dca7396eb48e5849247ffd444914)
Failed to load shader (instanceID 12338, GUID cf852408f2e174538bcd9b7fda1c5ae7)
Failed to load shader (instanceID 12340, GUID f056d8bd2a1c7e44e9729144b4c70395)
Failed to load shader (instanceID 12342, GUID 0406db5a14f94604a8c57ccfbc9f3b46)
Failed to load shader (instanceID 12344, GUID 0849e84e3d62649e8882e9d6f056a017)
Failed to load shader (instanceID 12346, GUID 5ec81c81908db34429b4f6ddecadd3bd)
Failed to load shader (instanceID 12348, GUID 6f37d9e45fbae41b386f76d3bfefec4a)
Failed to load shader (instanceID 12350, GUID c17132b1f77d20942aa75f8429c0f8bc)
Failed to load shader (instanceID 12352, GUID c56b7e0d4c7cb484e959caeeedae9bbf)
Failed to load shader (instanceID 12354, GUID 7b3ede40266cd49a395def176e1bc486)
Failed to load shader (instanceID 12356, GUID a15b78cf8ca26ca4fb2090293153c62c)
Failed to load shader (instanceID 12358, GUID c26db15b9a2ed4b2ebefefd26ce85ae1)
Failed to load shader (instanceID 12360, GUID e507fdfead5ca47e8b9a768b51c291a1)
Failed to load shader (instanceID 12362, GUID 933532a4fcc9baf4fa0491de14d08ed7)
Failed to load shader (instanceID 12364, GUID 5f1864addb451f54bae8c86d230f736e)
Failed to load shader (instanceID 12366, GUID 8516d7a69675844a7a0b7095af7c46af)
Failed to load shader (instanceID 12368, GUID 5e7134d6e63e0bc47a1dd2669cedb379)
Failed to load shader (instanceID 12370, GUID d5a307c014552314b9f560906d708772)
Failed to load shader (instanceID 12372, GUID 8fbe92a9edfe6074e841d6dd1509bc59)
Failed to load shader (instanceID 12374, GUID 4b9f3440d48c2f04c9c388365e070864)
Failed to load shader (instanceID 12376, GUID 65df88701913c224d95fc554db28381a)
Failed to load shader (instanceID 12378, GUID 650dd9526735d5b46b79224bc6e94025)
Failed to load shader (instanceID 12380, GUID 2aed67ad60045d54ba3a00c91e2d2631)
Failed to load shader (instanceID 12382, GUID 1121bb4e615ca3c48b214e79e841e823)
Failed to load shader (instanceID 12384, GUID 5caf62d8bd7c44596ace77ef9eb8ea31)
Failed to load shader (instanceID 12386, GUID e9155b26e1bc55942a41e518703fe304)
Failed to load shader (instanceID 12388, GUID 4300ae919783d4fa38001d745fbdecc1)
Failed to load shader (instanceID 12390, GUID f6783ab646d374f94b199774402a5144)
Failed to load shader (instanceID 12392, GUID 19dfbb09098c9584a83c956fbd6c5d79)
Failed to load shader (instanceID 12394, GUID 35e778fba8b2b49a198d8d7cfced67eb)
Failed to load shader (instanceID 12396, GUID cfa7edf01005f4e338d973cea2f6eab3)
Failed to load shader (instanceID 12398, GUID 8d2bb70cbf9db8d4da26e15b26e74248)
Failed to load shader (instanceID 12400, GUID a07688e921e974338945464731e069ce)
Failed to load shader (instanceID 12402, GUID 86212504c7e9f468db2300dc5932dc17)
Failed to load shader (instanceID 12404, GUID 69c1f799e772cb6438f56c23efccb782)
Failed to load shader (instanceID 12406, GUID 1fd883d610b2f42a98fc7abaf6809430)
Failed to load shader (instanceID 12408, GUID 93446b5c5339d4f00b85c159e1159b7c)
Failed to load shader (instanceID 12410, GUID 5fd9a8feb75a4b5894c241777f519d4e)
Failed to load shader (instanceID 12412, GUID da07703fcc09f8d4799221050659bd55)
Failed to load shader (instanceID 12414, GUID 2df96b66b5510f94b98df2ac6f926ef4)
Failed to load shader (instanceID 12416, GUID 209f4c3496c1b46a3a2f9f0f27be788f)
Failed to load shader (instanceID 12418, GUID 61e53729ad706d049b12a441f328fe34)
Failed to load shader (instanceID 12420, GUID e35a31e1679aeff489e202f5cc4853d5)
Failed to load shader (instanceID 12422, GUID 29868e73b638e48ca99a19ea58c48d90)
Failed to load shader (instanceID 12424, GUID 04b5dda5f278e4f56a9dbda64d90bb95)
Failed to load shader (instanceID 12426, GUID 6cda457ac28612740adb23da5d39ea92)
Failed to load shader (instanceID 12428, GUID e39bd598ce13f44ba8af997d3e42cd18)
Failed to load shader (instanceID 12430, GUID 131f1b93a4ebd459ba87b6bad055fb33)
Failed to load shader (instanceID 12432, GUID b7839dad95683814aa64166edc107ae2)
Failed to load shader (instanceID 12434, GUID d79e1c784eaf80c4585c0be7391f757a)
Failed to load shader (instanceID 12436, GUID 44fc62292b65ab04eabcf310e799ccf6)
Failed to load shader (instanceID 12438, GUID e8c3a1662a88140ae84d69a3a4cfdbaa)
Failed to load shader (instanceID 12440, GUID 562b7ae4f629f144aa97780546fce7c6)
Failed to load shader (instanceID 12442, GUID e260cfa7296ee7642b167f1eb5be5023)
Failed to load shader (instanceID 12444, GUID 1edcd131364091c46a17cbff0b1de97a)
Failed to load shader (instanceID 12446, GUID 95e15a77195eb574ab82aaac18b1c796)
Failed to load shader (instanceID 12448, GUID 77774d9009bb81447b048c907d4c6273)
Failed to load shader (instanceID 12450, GUID 99134b1f0c27d54469a840832a28fadf)
Failed to load shader (instanceID 12452, GUID 7f888aff2ac86494babad1c2c5daeee2)
Failed to load shader (instanceID 12454, GUID 63eaba0ebfb82cc43bde059b4a8c65f6)
Failed to load shader (instanceID 12456, GUID 60e10855641b4d84da68ec72e6f6eeb8)
Failed to load shader (instanceID 12458, GUID 0f854b35a0cf61a429bd5dcfea30eddd)
Failed to load shader (instanceID 12460, GUID c49e63ed1bbcb334780a3bd19dfed403)
Failed to load shader (instanceID 12462, GUID a89bee29cffa951418fc1e2da94d1959)
Failed to load shader (instanceID 12464, GUID 7e60080c8cd24a2468cb08b4bfee5606)
Failed to load shader (instanceID 12466, GUID 25b8a80cb03994c769145599929a5e97)
Launched and connected shader compiler UnityShaderCompiler.exe after 0.08 seconds
Refreshing native plugins compatible for Editor in 9.83 ms, found 3 plugins.
Preloading 0 native plugins for Editor in 0.00 ms.
Unloading 3154 Unused Serialized files (Serialized files now loaded: 0)
Unloading 39 unused Assets / (120.9 KB). Loaded Objects now: 3617.
Memory consumption went from 139.8 MB to 139.7 MB.
Total: 7.208900 ms (FindLiveObjects: 0.297300 ms CreateObjectMapping: 0.275600 ms MarkObjects: 6.384700 ms  DeleteObjects: 0.250000 ms)

AssetImportParameters requested are different than current active one (requested -> active):
  custom:container-demuxer-ogg: 62fdf1f143b41e24485cea50d1cbac27 -> 
  custom:video-codec-MediaFoundation-h265: 746d11721c4dcdbdad8f713fa42b33f4 -> 
  custom:video-decoder-ogg-theora: a1e56fd34408186e4bbccfd4996cb3dc -> 
  custom:framework-win-MediaFoundation: 216162199b28c13a410421893ffa2e32 -> 
  custom:CustomObjectIndexerAttribute: 62b5816608c3102f162a1797e29626cf -> 
  custom:container-demuxer-webm: 4f35f7cbe854078d1ac9338744f61a02 -> 
  custom:container-muxer-webm: aa71ff27fc2769a1b78a27578f13a17b -> 
  custom:video-decoder-webm-vp8: 9c59270c3fd7afecdb556c50c9e8de78 -> 
  custom:SearchIndexIgnoredProperties: e643bd26f0fe6173181afceb89e7c659 -> 
  custom:AudioImporter_EditorPlatform: d09bf68614088b80899f8185d706f6e7 -> 
  custom:video-encoder-webm-vp8: eb34c28f22e8b96e1ab97ce403110664 -> 
  custom:audio-decoder-ogg-vorbis: bf7c407c2cedff20999df2af8eb42d56 -> 
  custom:audio-encoder-webm-vorbis: bf7c407c2cedff20999df2af8eb42d56 -> 
========================================================================
Received Import Request.
  Time since last request: 246053.023336 seconds.
  path: Assets/AssTesting/Assets/cubi.fbx
  artifactKey: Guid(b03aa5d7af531bc4589a0c16efc44125) Importer(815301076,1909f56bfc062723c751e8b465ee728b)
Start importing Assets/AssTesting/Assets/cubi.fbx using Guid(b03aa5d7af531bc4589a0c16efc44125) Importer(815301076,1909f56bfc062723c751e8b465ee728b)  -> (artifact id: '7c3ede837f1cfcce3b4854de8d7947ba') in 0.262150 seconds
Number of updated asset objects reloaded before import = 0
Number of asset objects unloaded after import = 30
========================================================================
Received Import Request.
  Time since last request: 592.196621 seconds.
  path: Assets/AssTesting/Assets/ADI/Voxel Office Props/Prefabs/chair1.prefab
  artifactKey: Guid(1dd53bfeddd31c8438f1ccec6faf5f1d) Importer(815301076,1909f56bfc062723c751e8b465ee728b)
Start importing Assets/AssTesting/Assets/ADI/Voxel Office Props/Prefabs/chair1.prefab using Guid(1dd53bfeddd31c8438f1ccec6faf5f1d) Importer(815301076,1909f56bfc062723c751e8b465ee728b)  -> (artifact id: '6e9b35ad9f8b650aa0f6b49941857343') in 0.093521 seconds
Number of updated asset objects reloaded before import = 0
Number of asset objects unloaded after import = 19
========================================================================
Received Import Request.
  Time since last request: 0.000071 seconds.
  path: Assets/AssTesting/Assets/ADI/Voxel Office Props/Prefabs/lamp.prefab
  artifactKey: Guid(d4e217778e534cb4fa3724d3da631d58) Importer(815301076,1909f56bfc062723c751e8b465ee728b)
Start importing Assets/AssTesting/Assets/ADI/Voxel Office Props/Prefabs/lamp.prefab using Guid(d4e217778e534cb4fa3724d3da631d58) Importer(815301076,1909f56bfc062723c751e8b465ee728b)  -> (artifact id: 'e4cb1f387599171e63a9f3cbc47a0eba') in 0.017210 seconds
Number of updated asset objects reloaded before import = 0
Number of asset objects unloaded after import = 14
========================================================================
Received Import Request.
  Time since last request: 0.000020 seconds.
  path: Assets/AssTesting/Assets/ADI/Voxel Office Props/Prefabs/pc.prefab
  artifactKey: Guid(f92a252e273fcb349b88813895ab0264) Importer(815301076,1909f56bfc062723c751e8b465ee728b)
Start importing Assets/AssTesting/Assets/ADI/Voxel Office Props/Prefabs/pc.prefab using Guid(f92a252e273fcb349b88813895ab0264) Importer(815301076,1909f56bfc062723c751e8b465ee728b)  -> (artifact id: '8c0366c60c2fdf8f0acc1b2f14b6a7ba') in 0.018397 seconds
Number of updated asset objects reloaded before import = 0
Number of asset objects unloaded after import = 11
========================================================================
Received Import Request.
  Time since last request: 0.000021 seconds.
  path: Assets/AssTesting/Assets/ADI/Voxel Office Props/Prefabs/phone.prefab
  artifactKey: Guid(06416f0090eabed4d9c9ad1ede4ed373) Importer(815301076,1909f56bfc062723c751e8b465ee728b)
Start importing Assets/AssTesting/Assets/ADI/Voxel Office Props/Prefabs/phone.prefab using Guid(06416f0090eabed4d9c9ad1ede4ed373) Importer(815301076,1909f56bfc062723c751e8b465ee728b)  -> (artifact id: '585395ee2ec48fa45e8d1173e65dbc3f') in 0.018177 seconds
Number of updated asset objects reloaded before import = 0
Number of asset objects unloaded after import = 11
========================================================================
Received Import Request.
  Time since last request: 0.000019 seconds.
  path: Assets/AssTesting/Assets/ADI/Voxel Office Props/Prefabs/printer2.prefab
  artifactKey: Guid(f91c6e282a539734e94d481779bb454d) Importer(815301076,1909f56bfc062723c751e8b465ee728b)
Start importing Assets/AssTesting/Assets/ADI/Voxel Office Props/Prefabs/printer2.prefab using Guid(f91c6e282a539734e94d481779bb454d) Importer(815301076,1909f56bfc062723c751e8b465ee728b)  -> (artifact id: '65e1dc24e0f3eb2c586bc9f3a18666ca') in 0.014652 seconds
Number of updated asset objects reloaded before import = 0
Number of asset objects unloaded after import = 11
========================================================================
Received Import Request.
  Time since last request: 0.000031 seconds.
  path: Assets/AssTesting/Assets/ADI/Voxel Office Props/Prefabs/desk2.prefab
  artifactKey: Guid(e8b9880a656da594ca6814ff9177bc1c) Importer(815301076,1909f56bfc062723c751e8b465ee728b)
Start importing Assets/AssTesting/Assets/ADI/Voxel Office Props/Prefabs/desk2.prefab using Guid(e8b9880a656da594ca6814ff9177bc1c) Importer(815301076,1909f56bfc062723c751e8b465ee728b)  -> (artifact id: 'e1fa8f2d6d5b1bdcbb1461793a84bb7e') in 0.022611 seconds
Number of updated asset objects reloaded before import = 0
Number of asset objects unloaded after import = 16
========================================================================
Received Import Request.
  Time since last request: 0.000028 seconds.
  path: Assets/AssTesting/Assets/ADI/Voxel Office Props/Prefabs/fillingCabinet.prefab
  artifactKey: Guid(2733057fdfdc3394bb27c77a4a5f5c5e) Importer(815301076,1909f56bfc062723c751e8b465ee728b)
Start importing Assets/AssTesting/Assets/ADI/Voxel Office Props/Prefabs/fillingCabinet.prefab using Guid(2733057fdfdc3394bb27c77a4a5f5c5e) Importer(815301076,1909f56bfc062723c751e8b465ee728b)  -> (artifact id: '291fbda84c021e9d21bec2e23145b625') in 0.012027 seconds
Number of updated asset objects reloaded before import = 0
Number of asset objects unloaded after import = 9
========================================================================
Received Import Request.
  Time since last request: 0.000027 seconds.
  path: Assets/AssTesting/Assets/ADI/Voxel Office Props/Prefabs/waterCooler.prefab
  artifactKey: Guid(a5175282aa463ff41a8fbb002ea1a60a) Importer(815301076,1909f56bfc062723c751e8b465ee728b)
Start importing Assets/AssTesting/Assets/ADI/Voxel Office Props/Prefabs/waterCooler.prefab using Guid(a5175282aa463ff41a8fbb002ea1a60a) Importer(815301076,1909f56bfc062723c751e8b465ee728b)  -> (artifact id: 'aa335b6fe8b1fde5335f788ac765525b') in 0.012515 seconds
Number of updated asset objects reloaded before import = 0
Number of asset objects unloaded after import = 11
========================================================================
Received Import Request.
  Time since last request: 0.000018 seconds.
  path: Assets/AssTesting/Assets/ADI/Voxel Office Props/Prefabs/monitor.prefab
  artifactKey: Guid(485ba0c36b8ffd8429f8d143445b0cc8) Importer(815301076,1909f56bfc062723c751e8b465ee728b)
Start importing Assets/AssTesting/Assets/ADI/Voxel Office Props/Prefabs/monitor.prefab using Guid(485ba0c36b8ffd8429f8d143445b0cc8) Importer(815301076,1909f56bfc062723c751e8b465ee728b)  -> (artifact id: 'bee1a81fc8d06e5422e2eda4e97af437') in 0.012023 seconds
Number of updated asset objects reloaded before import = 0
Number of asset objects unloaded after import = 11
========================================================================
Received Import Request.
  Time since last request: 0.000024 seconds.
  path: Assets/AssTesting/Assets/ADI/Voxel Office Props/Prefabs/tableCentre.prefab
  artifactKey: Guid(1e84a5c2113512345bfbace90f70fbe6) Importer(815301076,1909f56bfc062723c751e8b465ee728b)
Start importing Assets/AssTesting/Assets/ADI/Voxel Office Props/Prefabs/tableCentre.prefab using Guid(1e84a5c2113512345bfbace90f70fbe6) Importer(815301076,1909f56bfc062723c751e8b465ee728b)  -> (artifact id: 'bd7d194b258607d85e2d3b27d8fcee73') in 0.012138 seconds
Number of updated asset objects reloaded before import = 0
Number of asset objects unloaded after import = 9
========================================================================
Received Import Request.
  Time since last request: 0.000017 seconds.
  path: Assets/AssTesting/Assets/ADI/Voxel Office Props/Prefabs/documentTray.prefab
  artifactKey: Guid(4404196afc4773241bfaf2f07b50abb6) Importer(815301076,1909f56bfc062723c751e8b465ee728b)
Start importing Assets/AssTesting/Assets/ADI/Voxel Office Props/Prefabs/documentTray.prefab using Guid(4404196afc4773241bfaf2f07b50abb6) Importer(815301076,1909f56bfc062723c751e8b465ee728b)  -> (artifact id: 'e9c48751ad1df6e6dfb0bee149138745') in 0.010246 seconds
Number of updated asset objects reloaded before import = 0
Number of asset objects unloaded after import = 9
========================================================================
Received Import Request.
  Time since last request: 0.000024 seconds.
  path: Assets/AssTesting/Assets/ADI/Voxel Office Props/Prefabs/tableEndLit.prefab
  artifactKey: Guid(933c5ab141b1aec46b263105a2d58288) Importer(815301076,1909f56bfc062723c751e8b465ee728b)
Start importing Assets/AssTesting/Assets/ADI/Voxel Office Props/Prefabs/tableEndLit.prefab using Guid(933c5ab141b1aec46b263105a2d58288) Importer(815301076,1909f56bfc062723c751e8b465ee728b)  -> (artifact id: 'fb62c3db43010f6f84e419e4b931051d') in 0.015256 seconds
Number of updated asset objects reloaded before import = 0
Number of asset objects unloaded after import = 14
========================================================================
Received Import Request.
  Time since last request: 0.000025 seconds.
  path: Assets/AssTesting/Assets/ADI/Voxel Office Props/Prefabs/smartPhone.prefab
  artifactKey: Guid(55938a3ad12a56d45af0710ba85a7f67) Importer(815301076,1909f56bfc062723c751e8b465ee728b)
Start importing Assets/AssTesting/Assets/ADI/Voxel Office Props/Prefabs/smartPhone.prefab using Guid(55938a3ad12a56d45af0710ba85a7f67) Importer(815301076,1909f56bfc062723c751e8b465ee728b)  -> (artifact id: 'bef7ac716c5598773bed17974a0a4d19') in 0.016669 seconds
Number of updated asset objects reloaded before import = 0
Number of asset objects unloaded after import = 11
========================================================================
Received Import Request.
  Time since last request: 0.000025 seconds.
  path: Assets/AssTesting/Assets/ADI/Voxel Office Props/Prefabs/printer.prefab
  artifactKey: Guid(79a5b937093a5864d91d9a3a836ff1d7) Importer(815301076,1909f56bfc062723c751e8b465ee728b)
Start importing Assets/AssTesting/Assets/ADI/Voxel Office Props/Prefabs/printer.prefab using Guid(79a5b937093a5864d91d9a3a836ff1d7) Importer(815301076,1909f56bfc062723c751e8b465ee728b)  -> (artifact id: '0e7a66b884b1a0fbdb04dbad7ddabdb5') in 0.015087 seconds
Number of updated asset objects reloaded before import = 0
Number of asset objects unloaded after import = 11
========================================================================
Received Import Request.
  Time since last request: 0.000053 seconds.
  path: Assets/AssTesting/Assets/ADI/Voxel Office Props/Prefabs/desk1.prefab
  artifactKey: Guid(e1adc2d31fac236438c87e79d5c31628) Importer(815301076,1909f56bfc062723c751e8b465ee728b)
Start importing Assets/AssTesting/Assets/ADI/Voxel Office Props/Prefabs/desk1.prefab using Guid(e1adc2d31fac236438c87e79d5c31628) Importer(815301076,1909f56bfc062723c751e8b465ee728b)  -> (artifact id: '99d7173386563e855486a126d177fadc') in 0.013259 seconds
Number of updated asset objects reloaded before import = 0
Number of asset objects unloaded after import = 9
========================================================================
Received Import Request.
  Time since last request: 0.000025 seconds.
  path: Assets/AssTesting/Assets/ADI/Voxel Office Props/Prefabs/fillingCabinetOpenable.prefab
  artifactKey: Guid(eb55cfc53f8a91b42b7c4e471bb2b538) Importer(815301076,1909f56bfc062723c751e8b465ee728b)
Start importing Assets/AssTesting/Assets/ADI/Voxel Office Props/Prefabs/fillingCabinetOpenable.prefab using Guid(eb55cfc53f8a91b42b7c4e471bb2b538) Importer(815301076,1909f56bfc062723c751e8b465ee728b)  -> (artifact id: '3a15c10bf87eef438ae2e12c80a75438') in 0.016766 seconds
Number of updated asset objects reloaded before import = 0
Number of asset objects unloaded after import = 37
========================================================================
Received Import Request.
  Time since last request: 0.000024 seconds.
  path: Assets/AssTesting/Assets/ADI/Voxel Office Props/Prefabs/smartPhoneLocked.prefab
  artifactKey: Guid(e2b2a4dd4f183034b8cffc10fcf54e36) Importer(815301076,1909f56bfc062723c751e8b465ee728b)
Start importing Assets/AssTesting/Assets/ADI/Voxel Office Props/Prefabs/smartPhoneLocked.prefab using Guid(e2b2a4dd4f183034b8cffc10fcf54e36) Importer(815301076,1909f56bfc062723c751e8b465ee728b)  -> (artifact id: '8519fccc2588527fc3ec5347d93d68fe') in 0.016912 seconds
Number of updated asset objects reloaded before import = 0
Number of asset objects unloaded after import = 9
========================================================================
Received Import Request.
  Time since last request: 0.000022 seconds.
  path: Assets/AssTesting/Assets/ADI/Voxel Office Props/Prefabs/projector.prefab
  artifactKey: Guid(e46c83b5705b0a9429c8836bab32da4f) Importer(815301076,1909f56bfc062723c751e8b465ee728b)
Start importing Assets/AssTesting/Assets/ADI/Voxel Office Props/Prefabs/projector.prefab using Guid(e46c83b5705b0a9429c8836bab32da4f) Importer(815301076,1909f56bfc062723c751e8b465ee728b)  -> (artifact id: 'b7dbf13e9b9fb38aeaa9b431bf8d4275') in 0.014857 seconds
Number of updated asset objects reloaded before import = 0
Number of asset objects unloaded after import = 11
========================================================================
Received Import Request.
  Time since last request: 0.000025 seconds.
  path: Assets/AssTesting/Assets/ADI/Voxel Office Props/Prefabs/recycleBin.prefab
  artifactKey: Guid(1dfa42bb9327d20498f83b251b090304) Importer(815301076,1909f56bfc062723c751e8b465ee728b)
Start importing Assets/AssTesting/Assets/ADI/Voxel Office Props/Prefabs/recycleBin.prefab using Guid(1dfa42bb9327d20498f83b251b090304) Importer(815301076,1909f56bfc062723c751e8b465ee728b)  -> (artifact id: 'bab0bbfcab917cb233d97cd335d668f3') in 0.010812 seconds
Number of updated asset objects reloaded before import = 0
Number of asset objects unloaded after import = 9
========================================================================
Received Import Request.
  Time since last request: 0.000017 seconds.
  path: Assets/AssTesting/Assets/ADI/Voxel Office Props/Prefabs/tableCentreLit.prefab
  artifactKey: Guid(c1d75a91ec5a28c4689c58e8f48d944c) Importer(815301076,1909f56bfc062723c751e8b465ee728b)
Start importing Assets/AssTesting/Assets/ADI/Voxel Office Props/Prefabs/tableCentreLit.prefab using Guid(c1d75a91ec5a28c4689c58e8f48d944c) Importer(815301076,1909f56bfc062723c751e8b465ee728b)  -> (artifact id: '457717684e7ac73f3b6e6f0b07a39fc4') in 0.010331 seconds
Number of updated asset objects reloaded before import = 0
Number of asset objects unloaded after import = 14
========================================================================
Received Import Request.
  Time since last request: 6.115709 seconds.
  path: Assets/AssTesting/Assets/ADI/Voxel Office Props/Models/chairBack1.obj
  artifactKey: Guid(d15483e18c4f458488489d7e895c3879) Importer(815301076,1909f56bfc062723c751e8b465ee728b)
Start importing Assets/AssTesting/Assets/ADI/Voxel Office Props/Models/chairBack1.obj using Guid(d15483e18c4f458488489d7e895c3879) Importer(815301076,1909f56bfc062723c751e8b465ee728b)  -> (artifact id: 'dc101106fdfd412d27935c0c6301201b') in 0.024876 seconds
Number of updated asset objects reloaded before import = 0
Number of asset objects unloaded after import = 9
========================================================================
Received Import Request.
  Time since last request: 0.000020 seconds.
  path: Assets/AssTesting/Assets/ADI/Voxel Office Props/Models/lamp.obj
  artifactKey: Guid(7102cd2f50455c6459f5f9e7994db327) Importer(815301076,1909f56bfc062723c751e8b465ee728b)
Start importing Assets/AssTesting/Assets/ADI/Voxel Office Props/Models/lamp.obj using Guid(7102cd2f50455c6459f5f9e7994db327) Importer(815301076,1909f56bfc062723c751e8b465ee728b)  -> (artifact id: 'dd9028f3ab424319c47a8162126941d1') in 0.018625 seconds
Number of updated asset objects reloaded before import = 0
Number of asset objects unloaded after import = 9
========================================================================
Received Import Request.
  Time since last request: 0.000017 seconds.
  path: Assets/AssTesting/Assets/ADI/Voxel Office Props/Models/fillingCabinetNoDraws.obj
  artifactKey: Guid(7e41545246e099d4da103b6631f9489b) Importer(815301076,1909f56bfc062723c751e8b465ee728b)
Start importing Assets/AssTesting/Assets/ADI/Voxel Office Props/Models/fillingCabinetNoDraws.obj using Guid(7e41545246e099d4da103b6631f9489b) Importer(815301076,1909f56bfc062723c751e8b465ee728b)  -> (artifact id: '74283ffc606f8bf9c7870f9ae8b7452e') in 0.024008 seconds
Number of updated asset objects reloaded before import = 0
Number of asset objects unloaded after import = 9
========================================================================
Received Import Request.
  Time since last request: 0.000019 seconds.
  path: Assets/AssTesting/Assets/ADI/Voxel Office Props/Models/keyboard.obj
  artifactKey: Guid(4c6f6c569f9f6cd4aa36702def42c80c) Importer(815301076,1909f56bfc062723c751e8b465ee728b)
Start importing Assets/AssTesting/Assets/ADI/Voxel Office Props/Models/keyboard.obj using Guid(4c6f6c569f9f6cd4aa36702def42c80c) Importer(815301076,1909f56bfc062723c751e8b465ee728b)  -> (artifact id: '870b2d9120aab8a1e57b3a040d1e5c33') in 0.035988 seconds
Number of updated asset objects reloaded before import = 0
Number of asset objects unloaded after import = 9
========================================================================
Received Import Request.
  Time since last request: 0.000026 seconds.
  path: Assets/AssTesting/Assets/ADI/Voxel Office Props/Models/recycleBin.obj
  artifactKey: Guid(0601c3655df9cfe4db6782e99bc7c9f3) Importer(815301076,1909f56bfc062723c751e8b465ee728b)
Start importing Assets/AssTesting/Assets/ADI/Voxel Office Props/Models/recycleBin.obj using Guid(0601c3655df9cfe4db6782e99bc7c9f3) Importer(815301076,1909f56bfc062723c751e8b465ee728b)  -> (artifact id: '95f5b0b1f7f022a997383c7c77447e20') in 0.019939 seconds
Number of updated asset objects reloaded before import = 0
Number of asset objects unloaded after import = 9
========================================================================
Received Import Request.
  Time since last request: 0.000020 seconds.
  path: Assets/AssTesting/Assets/ADI/Voxel Office Props/Models/fillingCabinetDrawDocs.obj
  artifactKey: Guid(950f8264316af2649a6a87601ee42391) Importer(815301076,1909f56bfc062723c751e8b465ee728b)
Start importing Assets/AssTesting/Assets/ADI/Voxel Office Props/Models/fillingCabinetDrawDocs.obj using Guid(950f8264316af2649a6a87601ee42391) Importer(815301076,1909f56bfc062723c751e8b465ee728b)  -> (artifact id: '154d0a12ed851d7079b61afc987781bd') in 0.024726 seconds
Number of updated asset objects reloaded before import = 0
Number of asset objects unloaded after import = 9
========================================================================
Received Import Request.
  Time since last request: 0.000018 seconds.
  path: Assets/AssTesting/Assets/ADI/Voxel Office Props/Models/fillingCabinetDraw.obj
  artifactKey: Guid(34bae1490d55ab64db70e07599ca8ca8) Importer(815301076,1909f56bfc062723c751e8b465ee728b)
Start importing Assets/AssTesting/Assets/ADI/Voxel Office Props/Models/fillingCabinetDraw.obj using Guid(34bae1490d55ab64db70e07599ca8ca8) Importer(815301076,1909f56bfc062723c751e8b465ee728b)  -> (artifact id: 'e63608cd8bac512ba40b825b5e663be7') in 0.020196 seconds
Number of updated asset objects reloaded before import = 0
Number of asset objects unloaded after import = 9
========================================================================
Received Import Request.
  Time since last request: 0.000018 seconds.
  path: Assets/AssTesting/Assets/ADI/Voxel Office Props/Models/phone.obj
  artifactKey: Guid(8c5485112596bc249a989d0b9bc605c9) Importer(815301076,1909f56bfc062723c751e8b465ee728b)
Start importing Assets/AssTesting/Assets/ADI/Voxel Office Props/Models/phone.obj using Guid(8c5485112596bc249a989d0b9bc605c9) Importer(815301076,1909f56bfc062723c751e8b465ee728b)  -> (artifact id: 'c088c9bb3d2a27cd5b9b499f7a6da6ec') in 0.026883 seconds
Number of updated asset objects reloaded before import = 0
Number of asset objects unloaded after import = 9
========================================================================
Received Import Request.
  Time since last request: 0.000024 seconds.
  path: Assets/AssTesting/Assets/ADI/Voxel Office Props/Models/smartPhone.obj
  artifactKey: Guid(a7903522ce785ee449760ce2b5892092) Importer(815301076,1909f56bfc062723c751e8b465ee728b)
Start importing Assets/AssTesting/Assets/ADI/Voxel Office Props/Models/smartPhone.obj using Guid(a7903522ce785ee449760ce2b5892092) Importer(815301076,1909f56bfc062723c751e8b465ee728b)  -> (artifact id: '2ab0d13e64f1e379d3e8717e68ab5e9b') in 0.018454 seconds
Number of updated asset objects reloaded before import = 0
Number of asset objects unloaded after import = 9
========================================================================
Received Import Request.
  Time since last request: 0.000026 seconds.
  path: Assets/AssTesting/Assets/ADI/Voxel Office Props/Models/monitor.obj
  artifactKey: Guid(8244cab4f6e05914fad738744cafc22a) Importer(815301076,1909f56bfc062723c751e8b465ee728b)
Start importing Assets/AssTesting/Assets/ADI/Voxel Office Props/Models/monitor.obj using Guid(8244cab4f6e05914fad738744cafc22a) Importer(815301076,1909f56bfc062723c751e8b465ee728b)  -> (artifact id: '2f613828a6d29bc968289aa1acc44194') in 0.023633 seconds
Number of updated asset objects reloaded before import = 0
Number of asset objects unloaded after import = 9
========================================================================
Received Import Request.
  Time since last request: 0.000601 seconds.
  path: Assets/AssTesting/Assets/ADI/Voxel Office Props/Models/documents.obj
  artifactKey: Guid(7d0a8867ee1f5ef4cb7686c682dbf563) Importer(815301076,1909f56bfc062723c751e8b465ee728b)
Start importing Assets/AssTesting/Assets/ADI/Voxel Office Props/Models/documents.obj using Guid(7d0a8867ee1f5ef4cb7686c682dbf563) Importer(815301076,1909f56bfc062723c751e8b465ee728b)  -> (artifact id: '02e54598828702e63669119ab50c117e') in 0.018070 seconds
Number of updated asset objects reloaded before import = 0
Number of asset objects unloaded after import = 9
========================================================================
Received Import Request.
  Time since last request: 0.000472 seconds.
  path: Assets/AssTesting/Assets/ADI/Voxel Office Props/Models/fillingCabinet.obj
  artifactKey: Guid(7f06d55500b26d6429981dce62517c9f) Importer(815301076,1909f56bfc062723c751e8b465ee728b)
Start importing Assets/AssTesting/Assets/ADI/Voxel Office Props/Models/fillingCabinet.obj using Guid(7f06d55500b26d6429981dce62517c9f) Importer(815301076,1909f56bfc062723c751e8b465ee728b)  -> (artifact id: '82b8b2c9deec5d137b2b0817a30d89b1') in 0.022932 seconds
Number of updated asset objects reloaded before import = 0
Number of asset objects unloaded after import = 9
========================================================================
Received Import Request.
  Time since last request: 0.000018 seconds.
  path: Assets/AssTesting/Assets/ADI/Voxel Office Props/Models/documentTray.obj
  artifactKey: Guid(9a8ca49c0baad9b4fa282bfde777ddea) Importer(815301076,1909f56bfc062723c751e8b465ee728b)
Start importing Assets/AssTesting/Assets/ADI/Voxel Office Props/Models/documentTray.obj using Guid(9a8ca49c0baad9b4fa282bfde777ddea) Importer(815301076,1909f56bfc062723c751e8b465ee728b)  -> (artifact id: 'a4d372a4cc8251356595e8ba3b24b73b') in 0.023047 seconds
Number of updated asset objects reloaded before import = 0
Number of asset objects unloaded after import = 9
========================================================================
Received Import Request.
  Time since last request: 0.000018 seconds.
  path: Assets/AssTesting/Assets/ADI/Voxel Office Props/Models/tableCentreLit.obj
  artifactKey: Guid(4cb1cf98bf61b04479d2a8fd58d3129c) Importer(815301076,1909f56bfc062723c751e8b465ee728b)
Start importing Assets/AssTesting/Assets/ADI/Voxel Office Props/Models/tableCentreLit.obj using Guid(4cb1cf98bf61b04479d2a8fd58d3129c) Importer(815301076,1909f56bfc062723c751e8b465ee728b)  -> (artifact id: 'cd5dbf0077637ce0e155f78a14e6de08') in 0.019516 seconds
Number of updated asset objects reloaded before import = 0
Number of asset objects unloaded after import = 9
========================================================================
Received Import Request.
  Time since last request: 0.000018 seconds.
  path: Assets/AssTesting/Assets/ADI/Voxel Office Props/Models/printer.obj
  artifactKey: Guid(d63661d86a71a2a4b9d00922a0123a75) Importer(815301076,1909f56bfc062723c751e8b465ee728b)
Start importing Assets/AssTesting/Assets/ADI/Voxel Office Props/Models/printer.obj using Guid(d63661d86a71a2a4b9d00922a0123a75) Importer(815301076,1909f56bfc062723c751e8b465ee728b)  -> (artifact id: '7db926242fa2af82f7383c04c65230cf') in 0.020319 seconds
Number of updated asset objects reloaded before import = 0
Number of asset objects unloaded after import = 9
========================================================================
Received Import Request.
  Time since last request: 0.000015 seconds.
  path: Assets/AssTesting/Assets/ADI/Voxel Office Props/Models/chairBase.obj
  artifactKey: Guid(af425758750c7ad43ab4577686d45f94) Importer(815301076,1909f56bfc062723c751e8b465ee728b)
Start importing Assets/AssTesting/Assets/ADI/Voxel Office Props/Models/chairBase.obj using Guid(af425758750c7ad43ab4577686d45f94) Importer(815301076,1909f56bfc062723c751e8b465ee728b)  -> (artifact id: '5f0e42fc403c33614cd201fef41dbc82') in 0.017423 seconds
Number of updated asset objects reloaded before import = 0
Number of asset objects unloaded after import = 9
========================================================================
Received Import Request.
  Time since last request: 2.795218 seconds.
  path: Assets/AssTesting/Assets/ADI/Voxel Office Props/Materials/fill10.png
  artifactKey: Guid(a0865b3e1d1230548a92c01b2d79cc3e) Importer(815301076,1909f56bfc062723c751e8b465ee728b)
Start importing Assets/AssTesting/Assets/ADI/Voxel Office Props/Materials/fill10.png using Guid(a0865b3e1d1230548a92c01b2d79cc3e) Importer(815301076,1909f56bfc062723c751e8b465ee728b)  -> (artifact id: '5dd8b9f9ae3073fde4e2d3db1c9c9755') in 0.080803 seconds
Number of updated asset objects reloaded before import = 0
Number of asset objects unloaded after import = 2
========================================================================
Received Import Request.
  Time since last request: 0.000017 seconds.
  path: Assets/AssTesting/Assets/ADI/Voxel Office Props/Materials/modelTexture.png
  artifactKey: Guid(23ecce56286a894419eebd05b822b510) Importer(815301076,1909f56bfc062723c751e8b465ee728b)
Start importing Assets/AssTesting/Assets/ADI/Voxel Office Props/Materials/modelTexture.png using Guid(23ecce56286a894419eebd05b822b510) Importer(815301076,1909f56bfc062723c751e8b465ee728b)  -> (artifact id: '4dcc6524511088f576328b59805a79f6') in 0.016909 seconds
Number of updated asset objects reloaded before import = 0
Number of asset objects unloaded after import = 2
========================================================================
Received Import Request.
  Time since last request: 0.000017 seconds.
  path: Assets/AssTesting/Assets/ADI/Voxel Office Props/Materials/modelMaterial.mat
  artifactKey: Guid(1c939f7cfb400a3489a759b36370b3c6) Importer(815301076,1909f56bfc062723c751e8b465ee728b)
Start importing Assets/AssTesting/Assets/ADI/Voxel Office Props/Materials/modelMaterial.mat using Guid(1c939f7cfb400a3489a759b36370b3c6) Importer(815301076,1909f56bfc062723c751e8b465ee728b)  -> (artifact id: 'b560116f79473ce1211022c4a3bf2f64') in 0.048959 seconds
Number of updated asset objects reloaded before import = 0
Number of asset objects unloaded after import = 1
========================================================================
Received Import Request.
  Time since last request: 249.355882 seconds.
  path: Assets/AssTesting/Assets/ADI/Voxel Office Props/Models/Materials/chairBack1Mat.mat
  artifactKey: Guid(56d9309cc2dab92418d94e9ab68bc942) Importer(815301076,1909f56bfc062723c751e8b465ee728b)
Start importing Assets/AssTesting/Assets/ADI/Voxel Office Props/Models/Materials/chairBack1Mat.mat using Guid(56d9309cc2dab92418d94e9ab68bc942) Importer(815301076,1909f56bfc062723c751e8b465ee728b)  -> (artifact id: '70798377b21d742fa8134636f853ba1e') in 0.012178 seconds
Number of updated asset objects reloaded before import = 0
Number of asset objects unloaded after import = 1
========================================================================
Received Import Request.
  Time since last request: 0.000038 seconds.
  path: Assets/AssTesting/Assets/ADI/Voxel Office Props/Models/Materials/lampMat.mat
  artifactKey: Guid(4d179ee620c48ba4a8355e46f230adfc) Importer(815301076,1909f56bfc062723c751e8b465ee728b)
Start importing Assets/AssTesting/Assets/ADI/Voxel Office Props/Models/Materials/lampMat.mat using Guid(4d179ee620c48ba4a8355e46f230adfc) Importer(815301076,1909f56bfc062723c751e8b465ee728b)  -> (artifact id: '41bda092828506fa12745982cf7cf880') in 0.010514 seconds
Number of updated asset objects reloaded before import = 0
Number of asset objects unloaded after import = 1
========================================================================
Received Import Request.
  Time since last request: 0.000021 seconds.
  path: Assets/AssTesting/Assets/ADI/Voxel Office Props/Models/Materials/fillingCabinetDrawDocsMat.mat
  artifactKey: Guid(9f096376e88e5714f82e2390bbd7fa08) Importer(815301076,1909f56bfc062723c751e8b465ee728b)
Start importing Assets/AssTesting/Assets/ADI/Voxel Office Props/Models/Materials/fillingCabinetDrawDocsMat.mat using Guid(9f096376e88e5714f82e2390bbd7fa08) Importer(815301076,1909f56bfc062723c751e8b465ee728b)  -> (artifact id: 'a0047ce8d1db53891a6d527e3c188a62') in 0.009828 seconds
Number of updated asset objects reloaded before import = 0
Number of asset objects unloaded after import = 1
========================================================================
Received Import Request.
  Time since last request: 0.000032 seconds.
  path: Assets/AssTesting/Assets/ADI/Voxel Office Props/Models/Materials/phoneMat.mat
  artifactKey: Guid(8f0cca4930ee68c43a7dfe7bd6a4019b) Importer(815301076,1909f56bfc062723c751e8b465ee728b)
Start importing Assets/AssTesting/Assets/ADI/Voxel Office Props/Models/Materials/phoneMat.mat using Guid(8f0cca4930ee68c43a7dfe7bd6a4019b) Importer(815301076,1909f56bfc062723c751e8b465ee728b)  -> (artifact id: '8a5773cd1bddd2e9e8ed2d119b3592f9') in 0.009214 seconds
Number of updated asset objects reloaded before import = 0
Number of asset objects unloaded after import = 1
========================================================================
Received Import Request.
  Time since last request: 0.000034 seconds.
  path: Assets/AssTesting/Assets/ADI/Voxel Office Props/Models/Materials/printerMat.mat
  artifactKey: Guid(b4225431b632ffc4a853ac28e67891b2) Importer(815301076,1909f56bfc062723c751e8b465ee728b)
Start importing Assets/AssTesting/Assets/ADI/Voxel Office Props/Models/Materials/printerMat.mat using Guid(b4225431b632ffc4a853ac28e67891b2) Importer(815301076,1909f56bfc062723c751e8b465ee728b)  -> (artifact id: '27d5fb10e6eaa7876b7b8207022ebc52') in 0.012247 seconds
Number of updated asset objects reloaded before import = 0
Number of asset objects unloaded after import = 1
========================================================================
Received Import Request.
  Time since last request: 0.000015 seconds.
  path: Assets/AssTesting/Assets/ADI/Voxel Office Props/Models/Materials/desk1Mat.mat
  artifactKey: Guid(313ef8fc8eeb9ce469d7a23c525bfcee) Importer(815301076,1909f56bfc062723c751e8b465ee728b)
Start importing Assets/AssTesting/Assets/ADI/Voxel Office Props/Models/Materials/desk1Mat.mat using Guid(313ef8fc8eeb9ce469d7a23c525bfcee) Importer(815301076,1909f56bfc062723c751e8b465ee728b)  -> (artifact id: '0e91abf0d7c86a4119bdc507119f45fb') in 0.009522 seconds
Number of updated asset objects reloaded before import = 0
Number of asset objects unloaded after import = 1
========================================================================
Received Import Request.
  Time since last request: 0.000014 seconds.
  path: Assets/AssTesting/Assets/ADI/Voxel Office Props/Models/Materials/fillingCabinetNoDrawsMat.mat
  artifactKey: Guid(441fc74832b5da141a0b2b81614e671f) Importer(815301076,1909f56bfc062723c751e8b465ee728b)
Start importing Assets/AssTesting/Assets/ADI/Voxel Office Props/Models/Materials/fillingCabinetNoDrawsMat.mat using Guid(441fc74832b5da141a0b2b81614e671f) Importer(815301076,1909f56bfc062723c751e8b465ee728b)  -> (artifact id: '5c9279afb6a81ee0f9a9fc6a37543a64') in 0.008261 seconds
Number of updated asset objects reloaded before import = 0
Number of asset objects unloaded after import = 1
========================================================================
Received Import Request.
  Time since last request: 0.000018 seconds.
  path: Assets/AssTesting/Assets/ADI/Voxel Office Props/Models/Materials/tableCentreLitMat.mat
  artifactKey: Guid(1bd3a955f5027f743bc0ab625e43c476) Importer(815301076,1909f56bfc062723c751e8b465ee728b)
Start importing Assets/AssTesting/Assets/ADI/Voxel Office Props/Models/Materials/tableCentreLitMat.mat using Guid(1bd3a955f5027f743bc0ab625e43c476) Importer(815301076,1909f56bfc062723c751e8b465ee728b)  -> (artifact id: 'b7b80af33b73f95a1619d7b677818b2a') in 0.012088 seconds
Number of updated asset objects reloaded before import = 0
Number of asset objects unloaded after import = 1
========================================================================
Received Import Request.
  Time since last request: 0.000017 seconds.
  path: Assets/AssTesting/Assets/ADI/Voxel Office Props/Models/Materials/desk2Mat.mat
  artifactKey: Guid(08d31c7f73b6ec842a4dc03facfbc528) Importer(815301076,1909f56bfc062723c751e8b465ee728b)
Start importing Assets/AssTesting/Assets/ADI/Voxel Office Props/Models/Materials/desk2Mat.mat using Guid(08d31c7f73b6ec842a4dc03facfbc528) Importer(815301076,1909f56bfc062723c751e8b465ee728b)  -> (artifact id: 'ca24362b27830e59f6877400e9095193') in 0.012785 seconds
Number of updated asset objects reloaded before import = 0
Number of asset objects unloaded after import = 1
========================================================================
Received Import Request.
  Time since last request: 0.000021 seconds.
  path: Assets/AssTesting/Assets/ADI/Voxel Office Props/Models/Materials/pcMat.mat
  artifactKey: Guid(f848ae8b34c5b714b85b07dbacbaf67a) Importer(815301076,1909f56bfc062723c751e8b465ee728b)
Start importing Assets/AssTesting/Assets/ADI/Voxel Office Props/Models/Materials/pcMat.mat using Guid(f848ae8b34c5b714b85b07dbacbaf67a) Importer(815301076,1909f56bfc062723c751e8b465ee728b)  -> (artifact id: 'a2365448d2acd3d66fb21ca1e2009619') in 0.010396 seconds
Number of updated asset objects reloaded before import = 0
Number of asset objects unloaded after import = 1
========================================================================
Received Import Request.
  Time since last request: 0.000030 seconds.
  path: Assets/AssTesting/Assets/ADI/Voxel Office Props/Models/Materials/chairBaseMat.mat
  artifactKey: Guid(3df406c59a01f734f81beb6c0fa3e765) Importer(815301076,1909f56bfc062723c751e8b465ee728b)
Start importing Assets/AssTesting/Assets/ADI/Voxel Office Props/Models/Materials/chairBaseMat.mat using Guid(3df406c59a01f734f81beb6c0fa3e765) Importer(815301076,1909f56bfc062723c751e8b465ee728b)  -> (artifact id: '943b7d7d8eb943fe86a40c66607234d9') in 0.010034 seconds
Number of updated asset objects reloaded before import = 0
Number of asset objects unloaded after import = 1
========================================================================
Received Import Request.
  Time since last request: 0.000017 seconds.
  path: Assets/AssTesting/Assets/ADI/Voxel Office Props/Models/Materials/smartPhoneMat.mat
  artifactKey: Guid(e31acf7af37f9cb4a9c2ed15b1cd423f) Importer(815301076,1909f56bfc062723c751e8b465ee728b)
Start importing Assets/AssTesting/Assets/ADI/Voxel Office Props/Models/Materials/smartPhoneMat.mat using Guid(e31acf7af37f9cb4a9c2ed15b1cd423f) Importer(815301076,1909f56bfc062723c751e8b465ee728b)  -> (artifact id: '8603c8bf25f52cb8ccf57c786b52c702') in 0.009753 seconds
Number of updated asset objects reloaded before import = 0
Number of asset objects unloaded after import = 1
========================================================================
Received Import Request.
  Time since last request: 0.000025 seconds.
  path: Assets/AssTesting/Assets/ADI/Voxel Office Props/Models/Materials/recycleBinMat.mat
  artifactKey: Guid(acfd7203021b1fb408ef9dc1380e62fd) Importer(815301076,1909f56bfc062723c751e8b465ee728b)
Start importing Assets/AssTesting/Assets/ADI/Voxel Office Props/Models/Materials/recycleBinMat.mat using Guid(acfd7203021b1fb408ef9dc1380e62fd) Importer(815301076,1909f56bfc062723c751e8b465ee728b)  -> (artifact id: '04ae2dc534242664f8a0bd4941765ff0') in 0.010404 seconds
Number of updated asset objects reloaded before import = 0
Number of asset objects unloaded after import = 1
========================================================================
Received Import Request.
  Time since last request: 0.000015 seconds.
  path: Assets/AssTesting/Assets/ADI/Voxel Office Props/Models/Materials/waterCoolerMat.mat
  artifactKey: Guid(8b8b05d5e47f4af4082999cc74ab0bdb) Importer(815301076,1909f56bfc062723c751e8b465ee728b)
Start importing Assets/AssTesting/Assets/ADI/Voxel Office Props/Models/Materials/waterCoolerMat.mat using Guid(8b8b05d5e47f4af4082999cc74ab0bdb) Importer(815301076,1909f56bfc062723c751e8b465ee728b)  -> (artifact id: '92f35ee53a33cee1a81cbe1af7abc459') in 0.009219 seconds
Number of updated asset objects reloaded before import = 0
Number of asset objects unloaded after import = 1
========================================================================
Received Import Request.
  Time since last request: 0.000294 seconds.
  path: Assets/AssTesting/Assets/ADI/Voxel Office Props/Models/Materials/keypadMat.mat
  artifactKey: Guid(71b15ed9f5217794da70e757c39f6fa9) Importer(815301076,1909f56bfc062723c751e8b465ee728b)
Start importing Assets/AssTesting/Assets/ADI/Voxel Office Props/Models/Materials/keypadMat.mat using Guid(71b15ed9f5217794da70e757c39f6fa9) Importer(815301076,1909f56bfc062723c751e8b465ee728b)  -> (artifact id: 'edb0c1d446ea8004bd1373c322a4ae1c') in 0.010380 seconds
Number of updated asset objects reloaded before import = 0
Number of asset objects unloaded after import = 1
========================================================================
Received Import Request.
  Time since last request: 0.000024 seconds.
  path: Assets/AssTesting/Assets/ADI/Voxel Office Props/Models/Materials/projectorMat.mat
  artifactKey: Guid(64ed7d7c2fce4c944a701ecdab867bd1) Importer(815301076,1909f56bfc062723c751e8b465ee728b)
Start importing Assets/AssTesting/Assets/ADI/Voxel Office Props/Models/Materials/projectorMat.mat using Guid(64ed7d7c2fce4c944a701ecdab867bd1) Importer(815301076,1909f56bfc062723c751e8b465ee728b)  -> (artifact id: '66e31ed844057fca2c557e127c04ea74') in 0.008642 seconds
Number of updated asset objects reloaded before import = 0
Number of asset objects unloaded after import = 1
